[2022-02-25 18:12:39,739] DEBUG preRegister called. Server=com.sun.jmx.mbeanserver.JmxMBeanServer@63e31ee, name=log4j:logger=kafka.controller (kafka.controller)
[2022-02-25 18:15:01,566] INFO [ControllerEventThread controllerId=0] Starting (kafka.controller.ControllerEventManager$ControllerEventThread)
[2022-02-25 18:15:01,659] INFO [Controller id=0] 0 successfully elected as the controller. Epoch incremented to 1 and epoch zk version is now 1 (kafka.controller.KafkaController)
[2022-02-25 18:15:01,666] INFO [Controller id=0] Creating FeatureZNode at path: /feature with contents: FeatureZNode(Enabled,Features{}) (kafka.controller.KafkaController)
[2022-02-25 18:15:01,729] INFO [Controller id=0] Registering handlers (kafka.controller.KafkaController)
[2022-02-25 18:15:01,733] INFO [Controller id=0] Deleting log dir event notifications (kafka.controller.KafkaController)
[2022-02-25 18:15:01,736] INFO [Controller id=0] Deleting isr change notifications (kafka.controller.KafkaController)
[2022-02-25 18:15:01,738] INFO [Controller id=0] Initializing controller context (kafka.controller.KafkaController)
[2022-02-25 18:15:01,755] INFO [Controller id=0] Initialized broker epochs cache: HashMap(0 -> 25) (kafka.controller.KafkaController)
[2022-02-25 18:15:01,762] DEBUG [Controller id=0] Register BrokerModifications handler for Set(0) (kafka.controller.KafkaController)
[2022-02-25 18:15:01,767] DEBUG [Channel manager on controller 0]: Controller 0 trying to connect to broker 0 (kafka.controller.ControllerChannelManager)
[2022-02-25 18:15:01,775] INFO [RequestSendThread controllerId=0] Starting (kafka.controller.RequestSendThread)
[2022-02-25 18:15:01,777] INFO [Controller id=0] Currently active brokers in the cluster: Set(0) (kafka.controller.KafkaController)
[2022-02-25 18:15:01,778] INFO [Controller id=0] Currently shutting brokers in the cluster: HashSet() (kafka.controller.KafkaController)
[2022-02-25 18:15:01,778] INFO [Controller id=0] Current list of topics in the cluster: HashSet() (kafka.controller.KafkaController)
[2022-02-25 18:15:01,778] INFO [Controller id=0] Fetching topic deletions in progress (kafka.controller.KafkaController)
[2022-02-25 18:15:01,780] INFO [Controller id=0] List of topics to be deleted:  (kafka.controller.KafkaController)
[2022-02-25 18:15:01,781] INFO [Controller id=0] List of topics ineligible for deletion:  (kafka.controller.KafkaController)
[2022-02-25 18:15:01,781] INFO [Controller id=0] Initializing topic deletion manager (kafka.controller.KafkaController)
[2022-02-25 18:15:01,781] INFO [Topic Deletion Manager 0] Initializing manager with initial deletions: Set(), initial ineligible deletions: HashSet() (kafka.controller.TopicDeletionManager)
[2022-02-25 18:15:01,783] INFO [Controller id=0] Sending update metadata request (kafka.controller.KafkaController)
[2022-02-25 18:15:01,795] INFO [ReplicaStateMachine controllerId=0] Initializing replica state (kafka.controller.ZkReplicaStateMachine)
[2022-02-25 18:15:01,796] INFO [ReplicaStateMachine controllerId=0] Triggering online replica state changes (kafka.controller.ZkReplicaStateMachine)
[2022-02-25 18:15:01,801] INFO [ReplicaStateMachine controllerId=0] Triggering offline replica state changes (kafka.controller.ZkReplicaStateMachine)
[2022-02-25 18:15:01,801] DEBUG [ReplicaStateMachine controllerId=0] Started replica state machine with initial state -> HashMap() (kafka.controller.ZkReplicaStateMachine)
[2022-02-25 18:15:01,802] INFO [PartitionStateMachine controllerId=0] Initializing partition state (kafka.controller.ZkPartitionStateMachine)
[2022-02-25 18:15:01,802] INFO [PartitionStateMachine controllerId=0] Triggering online partition state changes (kafka.controller.ZkPartitionStateMachine)
[2022-02-25 18:15:01,804] INFO [RequestSendThread controllerId=0] Controller 0 connected to localhost:9092 (id: 0 rack: null) for sending state change requests (kafka.controller.RequestSendThread)
[2022-02-25 18:15:01,808] DEBUG [PartitionStateMachine controllerId=0] Started partition state machine with initial state -> HashMap() (kafka.controller.ZkPartitionStateMachine)
[2022-02-25 18:15:01,808] INFO [Controller id=0] Ready to serve as the new controller with epoch 1 (kafka.controller.KafkaController)
[2022-02-25 18:15:01,813] INFO [Controller id=0] Partitions undergoing preferred replica election:  (kafka.controller.KafkaController)
[2022-02-25 18:15:01,814] INFO [Controller id=0] Partitions that completed preferred replica election:  (kafka.controller.KafkaController)
[2022-02-25 18:15:01,814] INFO [Controller id=0] Skipping preferred replica election for partitions due to topic deletion:  (kafka.controller.KafkaController)
[2022-02-25 18:15:01,814] INFO [Controller id=0] Resuming preferred replica election for partitions:  (kafka.controller.KafkaController)
[2022-02-25 18:15:01,815] INFO [Controller id=0] Starting replica leader election (PREFERRED) for partitions  triggered by ZkTriggered (kafka.controller.KafkaController)
[2022-02-25 18:15:01,858] INFO [Controller id=0] Starting the controller scheduler (kafka.controller.KafkaController)
[2022-02-25 18:15:06,861] INFO [Controller id=0] Processing automatic preferred replica leader election (kafka.controller.KafkaController)
[2022-02-25 18:15:06,862] TRACE [Controller id=0] Checking need to trigger auto leader balancing (kafka.controller.KafkaController)
[2022-02-25 18:20:06,873] INFO [Controller id=0] Processing automatic preferred replica leader election (kafka.controller.KafkaController)
[2022-02-25 18:20:06,873] TRACE [Controller id=0] Checking need to trigger auto leader balancing (kafka.controller.KafkaController)
[2022-02-25 18:25:06,883] INFO [Controller id=0] Processing automatic preferred replica leader election (kafka.controller.KafkaController)
[2022-02-25 18:25:06,883] TRACE [Controller id=0] Checking need to trigger auto leader balancing (kafka.controller.KafkaController)
