[2022-02-25 18:06:30,505] INFO Registered kafka:type=kafka.Log4jController MBean (kafka.utils.Log4jControllerRegistration$)
[2022-02-25 18:06:30,895] INFO Setting -D jdk.tls.rejectClientInitiatedRenegotiation=true to disable client-initiated TLS renegotiation (org.apache.zookeeper.common.X509Util)
[2022-02-25 18:06:30,992] INFO Registered signal handlers for TERM, INT, HUP (org.apache.kafka.common.utils.LoggingSignalHandler)
[2022-02-25 18:06:30,995] INFO starting (kafka.server.KafkaServer)
[2022-02-25 18:06:30,996] INFO Connecting to zookeeper on localhost:2181 (kafka.server.KafkaServer)
[2022-02-25 18:06:31,023] INFO [ZooKeeperClient Kafka server] Initializing a new session to localhost:2181. (kafka.zookeeper.ZooKeeperClient)
[2022-02-25 18:06:31,029] INFO Client environment:zookeeper.version=3.6.3--6401e4ad2087061bc6b9f80dec2d69f2e3c8660a, built on 04/08/2021 16:35 GMT (org.apache.zookeeper.ZooKeeper)
[2022-02-25 18:06:31,029] INFO Client environment:host.name=localhost (org.apache.zookeeper.ZooKeeper)
[2022-02-25 18:06:31,029] INFO Client environment:java.version=13.0.1 (org.apache.zookeeper.ZooKeeper)
[2022-02-25 18:06:31,029] INFO Client environment:java.vendor=Oracle Corporation (org.apache.zookeeper.ZooKeeper)
[2022-02-25 18:06:31,030] INFO Client environment:java.home=/Library/Java/JavaVirtualMachines/jdk-13.0.1.jdk/Contents/Home (org.apache.zookeeper.ZooKeeper)
[2022-02-25 18:06:31,030] INFO Client environment:java.class.path=/Users/ZaGA/Space/Desk/2-Software-Arch/Project3/kafka/bin/../libs/activation-1.1.1.jar:/Users/ZaGA/Space/Desk/2-Software-Arch/Project3/kafka/bin/../libs/aopalliance-repackaged-2.6.1.jar:/Users/ZaGA/Space/Desk/2-Software-Arch/Project3/kafka/bin/../libs/argparse4j-0.7.0.jar:/Users/ZaGA/Space/Desk/2-Software-Arch/Project3/kafka/bin/../libs/audience-annotations-0.5.0.jar:/Users/ZaGA/Space/Desk/2-Software-Arch/Project3/kafka/bin/../libs/commons-cli-1.4.jar:/Users/ZaGA/Space/Desk/2-Software-Arch/Project3/kafka/bin/../libs/commons-lang3-3.8.1.jar:/Users/ZaGA/Space/Desk/2-Software-Arch/Project3/kafka/bin/../libs/connect-api-3.1.0.jar:/Users/ZaGA/Space/Desk/2-Software-Arch/Project3/kafka/bin/../libs/connect-basic-auth-extension-3.1.0.jar:/Users/ZaGA/Space/Desk/2-Software-Arch/Project3/kafka/bin/../libs/connect-file-3.1.0.jar:/Users/ZaGA/Space/Desk/2-Software-Arch/Project3/kafka/bin/../libs/connect-json-3.1.0.jar:/Users/ZaGA/Space/Desk/2-Software-Arch/Project3/kafka/bin/../libs/connect-mirror-3.1.0.jar:/Users/ZaGA/Space/Desk/2-Software-Arch/Project3/kafka/bin/../libs/connect-mirror-client-3.1.0.jar:/Users/ZaGA/Space/Desk/2-Software-Arch/Project3/kafka/bin/../libs/connect-runtime-3.1.0.jar:/Users/ZaGA/Space/Desk/2-Software-Arch/Project3/kafka/bin/../libs/connect-transforms-3.1.0.jar:/Users/ZaGA/Space/Desk/2-Software-Arch/Project3/kafka/bin/../libs/hk2-api-2.6.1.jar:/Users/ZaGA/Space/Desk/2-Software-Arch/Project3/kafka/bin/../libs/hk2-locator-2.6.1.jar:/Users/ZaGA/Space/Desk/2-Software-Arch/Project3/kafka/bin/../libs/hk2-utils-2.6.1.jar:/Users/ZaGA/Space/Desk/2-Software-Arch/Project3/kafka/bin/../libs/jackson-annotations-2.12.3.jar:/Users/ZaGA/Space/Desk/2-Software-Arch/Project3/kafka/bin/../libs/jackson-core-2.12.3.jar:/Users/ZaGA/Space/Desk/2-Software-Arch/Project3/kafka/bin/../libs/jackson-databind-2.12.3.jar:/Users/ZaGA/Space/Desk/2-Software-Arch/Project3/kafka/bin/../libs/jackson-dataformat-csv-2.12.3.jar:/Users/ZaGA/Space/Desk/2-Software-Arch/Project3/kafka/bin/../libs/jackson-datatype-jdk8-2.12.3.jar:/Users/ZaGA/Space/Desk/2-Software-Arch/Project3/kafka/bin/../libs/jackson-jaxrs-base-2.12.3.jar:/Users/ZaGA/Space/Desk/2-Software-Arch/Project3/kafka/bin/../libs/jackson-jaxrs-json-provider-2.12.3.jar:/Users/ZaGA/Space/Desk/2-Software-Arch/Project3/kafka/bin/../libs/jackson-module-jaxb-annotations-2.12.3.jar:/Users/ZaGA/Space/Desk/2-Software-Arch/Project3/kafka/bin/../libs/jackson-module-scala_2.13-2.12.3.jar:/Users/ZaGA/Space/Desk/2-Software-Arch/Project3/kafka/bin/../libs/jakarta.activation-api-1.2.1.jar:/Users/ZaGA/Space/Desk/2-Software-Arch/Project3/kafka/bin/../libs/jakarta.annotation-api-1.3.5.jar:/Users/ZaGA/Space/Desk/2-Software-Arch/Project3/kafka/bin/../libs/jakarta.inject-2.6.1.jar:/Users/ZaGA/Space/Desk/2-Software-Arch/Project3/kafka/bin/../libs/jakarta.validation-api-2.0.2.jar:/Users/ZaGA/Space/Desk/2-Software-Arch/Project3/kafka/bin/../libs/jakarta.ws.rs-api-2.1.6.jar:/Users/ZaGA/Space/Desk/2-Software-Arch/Project3/kafka/bin/../libs/jakarta.xml.bind-api-2.3.2.jar:/Users/ZaGA/Space/Desk/2-Software-Arch/Project3/kafka/bin/../libs/javassist-3.27.0-GA.jar:/Users/ZaGA/Space/Desk/2-Software-Arch/Project3/kafka/bin/../libs/javax.servlet-api-3.1.0.jar:/Users/ZaGA/Space/Desk/2-Software-Arch/Project3/kafka/bin/../libs/javax.ws.rs-api-2.1.1.jar:/Users/ZaGA/Space/Desk/2-Software-Arch/Project3/kafka/bin/../libs/jaxb-api-2.3.0.jar:/Users/ZaGA/Space/Desk/2-Software-Arch/Project3/kafka/bin/../libs/jersey-client-2.34.jar:/Users/ZaGA/Space/Desk/2-Software-Arch/Project3/kafka/bin/../libs/jersey-common-2.34.jar:/Users/ZaGA/Space/Desk/2-Software-Arch/Project3/kafka/bin/../libs/jersey-container-servlet-2.34.jar:/Users/ZaGA/Space/Desk/2-Software-Arch/Project3/kafka/bin/../libs/jersey-container-servlet-core-2.34.jar:/Users/ZaGA/Space/Desk/2-Software-Arch/Project3/kafka/bin/../libs/jersey-hk2-2.34.jar:/Users/ZaGA/Space/Desk/2-Software-Arch/Project3/kafka/bin/../libs/jersey-server-2.34.jar:/Users/ZaGA/Space/Desk/2-Software-Arch/Project3/kafka/bin/../libs/jetty-client-9.4.43.v20210629.jar:/Users/ZaGA/Space/Desk/2-Software-Arch/Project3/kafka/bin/../libs/jetty-continuation-9.4.43.v20210629.jar:/Users/ZaGA/Space/Desk/2-Software-Arch/Project3/kafka/bin/../libs/jetty-http-9.4.43.v20210629.jar:/Users/ZaGA/Space/Desk/2-Software-Arch/Project3/kafka/bin/../libs/jetty-io-9.4.43.v20210629.jar:/Users/ZaGA/Space/Desk/2-Software-Arch/Project3/kafka/bin/../libs/jetty-security-9.4.43.v20210629.jar:/Users/ZaGA/Space/Desk/2-Software-Arch/Project3/kafka/bin/../libs/jetty-server-9.4.43.v20210629.jar:/Users/ZaGA/Space/Desk/2-Software-Arch/Project3/kafka/bin/../libs/jetty-servlet-9.4.43.v20210629.jar:/Users/ZaGA/Space/Desk/2-Software-Arch/Project3/kafka/bin/../libs/jetty-servlets-9.4.43.v20210629.jar:/Users/ZaGA/Space/Desk/2-Software-Arch/Project3/kafka/bin/../libs/jetty-util-9.4.43.v20210629.jar:/Users/ZaGA/Space/Desk/2-Software-Arch/Project3/kafka/bin/../libs/jetty-util-ajax-9.4.43.v20210629.jar:/Users/ZaGA/Space/Desk/2-Software-Arch/Project3/kafka/bin/../libs/jline-3.12.1.jar:/Users/ZaGA/Space/Desk/2-Software-Arch/Project3/kafka/bin/../libs/jopt-simple-5.0.4.jar:/Users/ZaGA/Space/Desk/2-Software-Arch/Project3/kafka/bin/../libs/jose4j-0.7.8.jar:/Users/ZaGA/Space/Desk/2-Software-Arch/Project3/kafka/bin/../libs/kafka-clients-3.1.0.jar:/Users/ZaGA/Space/Desk/2-Software-Arch/Project3/kafka/bin/../libs/kafka-log4j-appender-3.1.0.jar:/Users/ZaGA/Space/Desk/2-Software-Arch/Project3/kafka/bin/../libs/kafka-metadata-3.1.0.jar:/Users/ZaGA/Space/Desk/2-Software-Arch/Project3/kafka/bin/../libs/kafka-raft-3.1.0.jar:/Users/ZaGA/Space/Desk/2-Software-Arch/Project3/kafka/bin/../libs/kafka-server-common-3.1.0.jar:/Users/ZaGA/Space/Desk/2-Software-Arch/Project3/kafka/bin/../libs/kafka-shell-3.1.0.jar:/Users/ZaGA/Space/Desk/2-Software-Arch/Project3/kafka/bin/../libs/kafka-storage-3.1.0.jar:/Users/ZaGA/Space/Desk/2-Software-Arch/Project3/kafka/bin/../libs/kafka-storage-api-3.1.0.jar:/Users/ZaGA/Space/Desk/2-Software-Arch/Project3/kafka/bin/../libs/kafka-streams-3.1.0.jar:/Users/ZaGA/Space/Desk/2-Software-Arch/Project3/kafka/bin/../libs/kafka-streams-examples-3.1.0.jar:/Users/ZaGA/Space/Desk/2-Software-Arch/Project3/kafka/bin/../libs/kafka-streams-scala_2.13-3.1.0.jar:/Users/ZaGA/Space/Desk/2-Software-Arch/Project3/kafka/bin/../libs/kafka-streams-test-utils-3.1.0.jar:/Users/ZaGA/Space/Desk/2-Software-Arch/Project3/kafka/bin/../libs/kafka-tools-3.1.0.jar:/Users/ZaGA/Space/Desk/2-Software-Arch/Project3/kafka/bin/../libs/kafka_2.13-3.1.0.jar:/Users/ZaGA/Space/Desk/2-Software-Arch/Project3/kafka/bin/../libs/log4j-1.2.17.jar:/Users/ZaGA/Space/Desk/2-Software-Arch/Project3/kafka/bin/../libs/lz4-java-1.8.0.jar:/Users/ZaGA/Space/Desk/2-Software-Arch/Project3/kafka/bin/../libs/maven-artifact-3.8.1.jar:/Users/ZaGA/Space/Desk/2-Software-Arch/Project3/kafka/bin/../libs/metrics-core-2.2.0.jar:/Users/ZaGA/Space/Desk/2-Software-Arch/Project3/kafka/bin/../libs/metrics-core-4.1.12.1.jar:/Users/ZaGA/Space/Desk/2-Software-Arch/Project3/kafka/bin/../libs/netty-buffer-4.1.68.Final.jar:/Users/ZaGA/Space/Desk/2-Software-Arch/Project3/kafka/bin/../libs/netty-codec-4.1.68.Final.jar:/Users/ZaGA/Space/Desk/2-Software-Arch/Project3/kafka/bin/../libs/netty-common-4.1.68.Final.jar:/Users/ZaGA/Space/Desk/2-Software-Arch/Project3/kafka/bin/../libs/netty-handler-4.1.68.Final.jar:/Users/ZaGA/Space/Desk/2-Software-Arch/Project3/kafka/bin/../libs/netty-resolver-4.1.68.Final.jar:/Users/ZaGA/Space/Desk/2-Software-Arch/Project3/kafka/bin/../libs/netty-transport-4.1.68.Final.jar:/Users/ZaGA/Space/Desk/2-Software-Arch/Project3/kafka/bin/../libs/netty-transport-native-epoll-4.1.68.Final.jar:/Users/ZaGA/Space/Desk/2-Software-Arch/Project3/kafka/bin/../libs/netty-transport-native-unix-common-4.1.68.Final.jar:/Users/ZaGA/Space/Desk/2-Software-Arch/Project3/kafka/bin/../libs/osgi-resource-locator-1.0.3.jar:/Users/ZaGA/Space/Desk/2-Software-Arch/Project3/kafka/bin/../libs/paranamer-2.8.jar:/Users/ZaGA/Space/Desk/2-Software-Arch/Project3/kafka/bin/../libs/plexus-utils-3.2.1.jar:/Users/ZaGA/Space/Desk/2-Software-Arch/Project3/kafka/bin/../libs/reflections-0.9.12.jar:/Users/ZaGA/Space/Desk/2-Software-Arch/Project3/kafka/bin/../libs/rocksdbjni-6.22.1.1.jar:/Users/ZaGA/Space/Desk/2-Software-Arch/Project3/kafka/bin/../libs/scala-collection-compat_2.13-2.4.4.jar:/Users/ZaGA/Space/Desk/2-Software-Arch/Project3/kafka/bin/../libs/scala-java8-compat_2.13-1.0.0.jar:/Users/ZaGA/Space/Desk/2-Software-Arch/Project3/kafka/bin/../libs/scala-library-2.13.6.jar:/Users/ZaGA/Space/Desk/2-Software-Arch/Project3/kafka/bin/../libs/scala-logging_2.13-3.9.3.jar:/Users/ZaGA/Space/Desk/2-Software-Arch/Project3/kafka/bin/../libs/scala-reflect-2.13.6.jar:/Users/ZaGA/Space/Desk/2-Software-Arch/Project3/kafka/bin/../libs/slf4j-api-1.7.30.jar:/Users/ZaGA/Space/Desk/2-Software-Arch/Project3/kafka/bin/../libs/slf4j-log4j12-1.7.30.jar:/Users/ZaGA/Space/Desk/2-Software-Arch/Project3/kafka/bin/../libs/snappy-java-1.1.8.4.jar:/Users/ZaGA/Space/Desk/2-Software-Arch/Project3/kafka/bin/../libs/trogdor-3.1.0.jar:/Users/ZaGA/Space/Desk/2-Software-Arch/Project3/kafka/bin/../libs/zookeeper-3.6.3.jar:/Users/ZaGA/Space/Desk/2-Software-Arch/Project3/kafka/bin/../libs/zookeeper-jute-3.6.3.jar:/Users/ZaGA/Space/Desk/2-Software-Arch/Project3/kafka/bin/../libs/zstd-jni-1.5.0-4.jar (org.apache.zookeeper.ZooKeeper)
[2022-02-25 18:06:31,030] INFO Client environment:java.library.path=/Users/ZaGA/Library/Java/Extensions:/Library/Java/Extensions:/Network/Library/Java/Extensions:/System/Library/Java/Extensions:/usr/lib/java:. (org.apache.zookeeper.ZooKeeper)
[2022-02-25 18:06:31,030] INFO Client environment:java.io.tmpdir=/var/folders/ym/dmgvx1w92d3_4q1yrwvjmw3c0000gn/T/ (org.apache.zookeeper.ZooKeeper)
[2022-02-25 18:06:31,030] INFO Client environment:java.compiler=<NA> (org.apache.zookeeper.ZooKeeper)
[2022-02-25 18:06:31,030] INFO Client environment:os.name=Mac OS X (org.apache.zookeeper.ZooKeeper)
[2022-02-25 18:06:31,030] INFO Client environment:os.arch=x86_64 (org.apache.zookeeper.ZooKeeper)
[2022-02-25 18:06:31,030] INFO Client environment:os.version=10.16 (org.apache.zookeeper.ZooKeeper)
[2022-02-25 18:06:31,031] INFO Client environment:user.name=zaga (org.apache.zookeeper.ZooKeeper)
[2022-02-25 18:06:31,031] INFO Client environment:user.home=/Users/ZaGA (org.apache.zookeeper.ZooKeeper)
[2022-02-25 18:06:31,031] INFO Client environment:user.dir=/Users/ZaGA/Space/Desk/2-Software-Arch/Project3/kafka (org.apache.zookeeper.ZooKeeper)
[2022-02-25 18:06:31,031] INFO Client environment:os.memory.free=1015MB (org.apache.zookeeper.ZooKeeper)
[2022-02-25 18:06:31,031] INFO Client environment:os.memory.max=1024MB (org.apache.zookeeper.ZooKeeper)
[2022-02-25 18:06:31,031] INFO Client environment:os.memory.total=1024MB (org.apache.zookeeper.ZooKeeper)
[2022-02-25 18:06:31,034] INFO Initiating client connection, connectString=localhost:2181 sessionTimeout=18000 watcher=kafka.zookeeper.ZooKeeperClient$ZooKeeperClientWatcher$@2205a05d (org.apache.zookeeper.ZooKeeper)
[2022-02-25 18:06:31,040] INFO jute.maxbuffer value is 4194304 Bytes (org.apache.zookeeper.ClientCnxnSocket)
[2022-02-25 18:06:31,048] INFO zookeeper.request.timeout value is 0. feature enabled=false (org.apache.zookeeper.ClientCnxn)
[2022-02-25 18:06:31,051] INFO [ZooKeeperClient Kafka server] Waiting until connected. (kafka.zookeeper.ZooKeeperClient)
[2022-02-25 18:06:31,056] INFO Opening socket connection to server localhost/0:0:0:0:0:0:0:1:2181. (org.apache.zookeeper.ClientCnxn)
[2022-02-25 18:06:31,056] INFO SASL config status: Will not attempt to authenticate using SASL (unknown error) (org.apache.zookeeper.ClientCnxn)
[2022-02-25 18:06:31,064] WARN Session 0x0 for sever localhost/0:0:0:0:0:0:0:1:2181, Closing socket connection. Attempting reconnect except it is a SessionExpiredException. (org.apache.zookeeper.ClientCnxn)
java.net.ConnectException: Connection refused
	at java.base/sun.nio.ch.Net.pollConnect(Native Method)
	at java.base/sun.nio.ch.Net.pollConnectNow(Net.java:579)
	at java.base/sun.nio.ch.SocketChannelImpl.finishConnect(SocketChannelImpl.java:820)
	at org.apache.zookeeper.ClientCnxnSocketNIO.doTransport(ClientCnxnSocketNIO.java:344)
	at org.apache.zookeeper.ClientCnxn$SendThread.run(ClientCnxn.java:1290)
[2022-02-25 18:06:32,169] INFO Opening socket connection to server localhost/0:0:0:0:0:0:0:1:2181. (org.apache.zookeeper.ClientCnxn)
[2022-02-25 18:06:32,170] INFO SASL config status: Will not attempt to authenticate using SASL (unknown error) (org.apache.zookeeper.ClientCnxn)
[2022-02-25 18:06:32,171] WARN Session 0x0 for sever localhost/0:0:0:0:0:0:0:1:2181, Closing socket connection. Attempting reconnect except it is a SessionExpiredException. (org.apache.zookeeper.ClientCnxn)
java.net.ConnectException: Connection refused
	at java.base/sun.nio.ch.Net.pollConnect(Native Method)
	at java.base/sun.nio.ch.Net.pollConnectNow(Net.java:579)
	at java.base/sun.nio.ch.SocketChannelImpl.finishConnect(SocketChannelImpl.java:820)
	at org.apache.zookeeper.ClientCnxnSocketNIO.doTransport(ClientCnxnSocketNIO.java:344)
	at org.apache.zookeeper.ClientCnxn$SendThread.run(ClientCnxn.java:1290)
[2022-02-25 18:06:33,279] INFO Opening socket connection to server localhost/0:0:0:0:0:0:0:1:2181. (org.apache.zookeeper.ClientCnxn)
[2022-02-25 18:06:33,280] INFO SASL config status: Will not attempt to authenticate using SASL (unknown error) (org.apache.zookeeper.ClientCnxn)
[2022-02-25 18:06:33,280] WARN Session 0x0 for sever localhost/0:0:0:0:0:0:0:1:2181, Closing socket connection. Attempting reconnect except it is a SessionExpiredException. (org.apache.zookeeper.ClientCnxn)
java.net.ConnectException: Connection refused
	at java.base/sun.nio.ch.Net.pollConnect(Native Method)
	at java.base/sun.nio.ch.Net.pollConnectNow(Net.java:579)
	at java.base/sun.nio.ch.SocketChannelImpl.finishConnect(SocketChannelImpl.java:820)
	at org.apache.zookeeper.ClientCnxnSocketNIO.doTransport(ClientCnxnSocketNIO.java:344)
	at org.apache.zookeeper.ClientCnxn$SendThread.run(ClientCnxn.java:1290)
[2022-02-25 18:06:34,383] INFO Opening socket connection to server localhost/0:0:0:0:0:0:0:1:2181. (org.apache.zookeeper.ClientCnxn)
[2022-02-25 18:06:34,383] INFO SASL config status: Will not attempt to authenticate using SASL (unknown error) (org.apache.zookeeper.ClientCnxn)
[2022-02-25 18:06:34,384] WARN Session 0x0 for sever localhost/0:0:0:0:0:0:0:1:2181, Closing socket connection. Attempting reconnect except it is a SessionExpiredException. (org.apache.zookeeper.ClientCnxn)
java.net.ConnectException: Connection refused
	at java.base/sun.nio.ch.Net.pollConnect(Native Method)
	at java.base/sun.nio.ch.Net.pollConnectNow(Net.java:579)
	at java.base/sun.nio.ch.SocketChannelImpl.finishConnect(SocketChannelImpl.java:820)
	at org.apache.zookeeper.ClientCnxnSocketNIO.doTransport(ClientCnxnSocketNIO.java:344)
	at org.apache.zookeeper.ClientCnxn$SendThread.run(ClientCnxn.java:1290)
[2022-02-25 18:06:35,492] INFO Opening socket connection to server localhost/0:0:0:0:0:0:0:1:2181. (org.apache.zookeeper.ClientCnxn)
[2022-02-25 18:06:35,492] INFO SASL config status: Will not attempt to authenticate using SASL (unknown error) (org.apache.zookeeper.ClientCnxn)
[2022-02-25 18:06:35,494] WARN Session 0x0 for sever localhost/0:0:0:0:0:0:0:1:2181, Closing socket connection. Attempting reconnect except it is a SessionExpiredException. (org.apache.zookeeper.ClientCnxn)
java.net.ConnectException: Connection refused
	at java.base/sun.nio.ch.Net.pollConnect(Native Method)
	at java.base/sun.nio.ch.Net.pollConnectNow(Net.java:579)
	at java.base/sun.nio.ch.SocketChannelImpl.finishConnect(SocketChannelImpl.java:820)
	at org.apache.zookeeper.ClientCnxnSocketNIO.doTransport(ClientCnxnSocketNIO.java:344)
	at org.apache.zookeeper.ClientCnxn$SendThread.run(ClientCnxn.java:1290)
[2022-02-25 18:06:36,604] INFO Opening socket connection to server localhost/127.0.0.1:2181. (org.apache.zookeeper.ClientCnxn)
[2022-02-25 18:06:36,604] INFO SASL config status: Will not attempt to authenticate using SASL (unknown error) (org.apache.zookeeper.ClientCnxn)
[2022-02-25 18:06:36,605] WARN Session 0x0 for sever localhost/127.0.0.1:2181, Closing socket connection. Attempting reconnect except it is a SessionExpiredException. (org.apache.zookeeper.ClientCnxn)
java.net.ConnectException: Connection refused
	at java.base/sun.nio.ch.Net.pollConnect(Native Method)
	at java.base/sun.nio.ch.Net.pollConnectNow(Net.java:579)
	at java.base/sun.nio.ch.SocketChannelImpl.finishConnect(SocketChannelImpl.java:820)
	at org.apache.zookeeper.ClientCnxnSocketNIO.doTransport(ClientCnxnSocketNIO.java:344)
	at org.apache.zookeeper.ClientCnxn$SendThread.run(ClientCnxn.java:1290)
[2022-02-25 18:06:37,714] INFO Opening socket connection to server localhost/0:0:0:0:0:0:0:1:2181. (org.apache.zookeeper.ClientCnxn)
[2022-02-25 18:06:37,715] INFO SASL config status: Will not attempt to authenticate using SASL (unknown error) (org.apache.zookeeper.ClientCnxn)
[2022-02-25 18:06:37,716] WARN Session 0x0 for sever localhost/0:0:0:0:0:0:0:1:2181, Closing socket connection. Attempting reconnect except it is a SessionExpiredException. (org.apache.zookeeper.ClientCnxn)
java.net.ConnectException: Connection refused
	at java.base/sun.nio.ch.Net.pollConnect(Native Method)
	at java.base/sun.nio.ch.Net.pollConnectNow(Net.java:579)
	at java.base/sun.nio.ch.SocketChannelImpl.finishConnect(SocketChannelImpl.java:820)
	at org.apache.zookeeper.ClientCnxnSocketNIO.doTransport(ClientCnxnSocketNIO.java:344)
	at org.apache.zookeeper.ClientCnxn$SendThread.run(ClientCnxn.java:1290)
[2022-02-25 18:06:38,825] INFO Opening socket connection to server localhost/127.0.0.1:2181. (org.apache.zookeeper.ClientCnxn)
[2022-02-25 18:06:38,825] INFO SASL config status: Will not attempt to authenticate using SASL (unknown error) (org.apache.zookeeper.ClientCnxn)
[2022-02-25 18:06:38,827] WARN Session 0x0 for sever localhost/127.0.0.1:2181, Closing socket connection. Attempting reconnect except it is a SessionExpiredException. (org.apache.zookeeper.ClientCnxn)
java.net.ConnectException: Connection refused
	at java.base/sun.nio.ch.Net.pollConnect(Native Method)
	at java.base/sun.nio.ch.Net.pollConnectNow(Net.java:579)
	at java.base/sun.nio.ch.SocketChannelImpl.finishConnect(SocketChannelImpl.java:820)
	at org.apache.zookeeper.ClientCnxnSocketNIO.doTransport(ClientCnxnSocketNIO.java:344)
	at org.apache.zookeeper.ClientCnxn$SendThread.run(ClientCnxn.java:1290)
[2022-02-25 18:06:39,933] INFO Opening socket connection to server localhost/127.0.0.1:2181. (org.apache.zookeeper.ClientCnxn)
[2022-02-25 18:06:39,933] INFO SASL config status: Will not attempt to authenticate using SASL (unknown error) (org.apache.zookeeper.ClientCnxn)
[2022-02-25 18:06:39,934] WARN Session 0x0 for sever localhost/127.0.0.1:2181, Closing socket connection. Attempting reconnect except it is a SessionExpiredException. (org.apache.zookeeper.ClientCnxn)
java.net.ConnectException: Connection refused
	at java.base/sun.nio.ch.Net.pollConnect(Native Method)
	at java.base/sun.nio.ch.Net.pollConnectNow(Net.java:579)
	at java.base/sun.nio.ch.SocketChannelImpl.finishConnect(SocketChannelImpl.java:820)
	at org.apache.zookeeper.ClientCnxnSocketNIO.doTransport(ClientCnxnSocketNIO.java:344)
	at org.apache.zookeeper.ClientCnxn$SendThread.run(ClientCnxn.java:1290)
[2022-02-25 18:06:41,039] INFO Opening socket connection to server localhost/0:0:0:0:0:0:0:1:2181. (org.apache.zookeeper.ClientCnxn)
[2022-02-25 18:06:41,039] INFO SASL config status: Will not attempt to authenticate using SASL (unknown error) (org.apache.zookeeper.ClientCnxn)
[2022-02-25 18:06:41,040] WARN Session 0x0 for sever localhost/0:0:0:0:0:0:0:1:2181, Closing socket connection. Attempting reconnect except it is a SessionExpiredException. (org.apache.zookeeper.ClientCnxn)
java.net.ConnectException: Connection refused
	at java.base/sun.nio.ch.Net.pollConnect(Native Method)
	at java.base/sun.nio.ch.Net.pollConnectNow(Net.java:579)
	at java.base/sun.nio.ch.SocketChannelImpl.finishConnect(SocketChannelImpl.java:820)
	at org.apache.zookeeper.ClientCnxnSocketNIO.doTransport(ClientCnxnSocketNIO.java:344)
	at org.apache.zookeeper.ClientCnxn$SendThread.run(ClientCnxn.java:1290)
[2022-02-25 18:06:42,149] INFO Opening socket connection to server localhost/127.0.0.1:2181. (org.apache.zookeeper.ClientCnxn)
[2022-02-25 18:06:42,149] INFO SASL config status: Will not attempt to authenticate using SASL (unknown error) (org.apache.zookeeper.ClientCnxn)
[2022-02-25 18:06:42,150] WARN Session 0x0 for sever localhost/127.0.0.1:2181, Closing socket connection. Attempting reconnect except it is a SessionExpiredException. (org.apache.zookeeper.ClientCnxn)
java.net.ConnectException: Connection refused
	at java.base/sun.nio.ch.Net.pollConnect(Native Method)
	at java.base/sun.nio.ch.Net.pollConnectNow(Net.java:579)
	at java.base/sun.nio.ch.SocketChannelImpl.finishConnect(SocketChannelImpl.java:820)
	at org.apache.zookeeper.ClientCnxnSocketNIO.doTransport(ClientCnxnSocketNIO.java:344)
	at org.apache.zookeeper.ClientCnxn$SendThread.run(ClientCnxn.java:1290)
[2022-02-25 18:06:43,257] INFO Opening socket connection to server localhost/0:0:0:0:0:0:0:1:2181. (org.apache.zookeeper.ClientCnxn)
[2022-02-25 18:06:43,257] INFO SASL config status: Will not attempt to authenticate using SASL (unknown error) (org.apache.zookeeper.ClientCnxn)
[2022-02-25 18:06:43,258] WARN Session 0x0 for sever localhost/0:0:0:0:0:0:0:1:2181, Closing socket connection. Attempting reconnect except it is a SessionExpiredException. (org.apache.zookeeper.ClientCnxn)
java.net.ConnectException: Connection refused
	at java.base/sun.nio.ch.Net.pollConnect(Native Method)
	at java.base/sun.nio.ch.Net.pollConnectNow(Net.java:579)
	at java.base/sun.nio.ch.SocketChannelImpl.finishConnect(SocketChannelImpl.java:820)
	at org.apache.zookeeper.ClientCnxnSocketNIO.doTransport(ClientCnxnSocketNIO.java:344)
	at org.apache.zookeeper.ClientCnxn$SendThread.run(ClientCnxn.java:1290)
[2022-02-25 18:06:44,365] INFO Opening socket connection to server localhost/127.0.0.1:2181. (org.apache.zookeeper.ClientCnxn)
[2022-02-25 18:06:44,367] INFO SASL config status: Will not attempt to authenticate using SASL (unknown error) (org.apache.zookeeper.ClientCnxn)
[2022-02-25 18:06:44,368] WARN Session 0x0 for sever localhost/127.0.0.1:2181, Closing socket connection. Attempting reconnect except it is a SessionExpiredException. (org.apache.zookeeper.ClientCnxn)
java.net.ConnectException: Connection refused
	at java.base/sun.nio.ch.Net.pollConnect(Native Method)
	at java.base/sun.nio.ch.Net.pollConnectNow(Net.java:579)
	at java.base/sun.nio.ch.SocketChannelImpl.finishConnect(SocketChannelImpl.java:820)
	at org.apache.zookeeper.ClientCnxnSocketNIO.doTransport(ClientCnxnSocketNIO.java:344)
	at org.apache.zookeeper.ClientCnxn$SendThread.run(ClientCnxn.java:1290)
[2022-02-25 18:06:45,473] INFO Opening socket connection to server localhost/0:0:0:0:0:0:0:1:2181. (org.apache.zookeeper.ClientCnxn)
[2022-02-25 18:06:45,474] INFO SASL config status: Will not attempt to authenticate using SASL (unknown error) (org.apache.zookeeper.ClientCnxn)
[2022-02-25 18:06:45,475] WARN Session 0x0 for sever localhost/0:0:0:0:0:0:0:1:2181, Closing socket connection. Attempting reconnect except it is a SessionExpiredException. (org.apache.zookeeper.ClientCnxn)
java.net.ConnectException: Connection refused
	at java.base/sun.nio.ch.Net.pollConnect(Native Method)
	at java.base/sun.nio.ch.Net.pollConnectNow(Net.java:579)
	at java.base/sun.nio.ch.SocketChannelImpl.finishConnect(SocketChannelImpl.java:820)
	at org.apache.zookeeper.ClientCnxnSocketNIO.doTransport(ClientCnxnSocketNIO.java:344)
	at org.apache.zookeeper.ClientCnxn$SendThread.run(ClientCnxn.java:1290)
[2022-02-25 18:06:46,579] INFO Opening socket connection to server localhost/0:0:0:0:0:0:0:1:2181. (org.apache.zookeeper.ClientCnxn)
[2022-02-25 18:06:46,579] INFO SASL config status: Will not attempt to authenticate using SASL (unknown error) (org.apache.zookeeper.ClientCnxn)
[2022-02-25 18:06:46,579] WARN Session 0x0 for sever localhost/0:0:0:0:0:0:0:1:2181, Closing socket connection. Attempting reconnect except it is a SessionExpiredException. (org.apache.zookeeper.ClientCnxn)
java.net.ConnectException: Connection refused
	at java.base/sun.nio.ch.Net.pollConnect(Native Method)
	at java.base/sun.nio.ch.Net.pollConnectNow(Net.java:579)
	at java.base/sun.nio.ch.SocketChannelImpl.finishConnect(SocketChannelImpl.java:820)
	at org.apache.zookeeper.ClientCnxnSocketNIO.doTransport(ClientCnxnSocketNIO.java:344)
	at org.apache.zookeeper.ClientCnxn$SendThread.run(ClientCnxn.java:1290)
[2022-02-25 18:06:47,685] INFO Opening socket connection to server localhost/127.0.0.1:2181. (org.apache.zookeeper.ClientCnxn)
[2022-02-25 18:06:47,685] INFO SASL config status: Will not attempt to authenticate using SASL (unknown error) (org.apache.zookeeper.ClientCnxn)
[2022-02-25 18:06:47,686] WARN Session 0x0 for sever localhost/127.0.0.1:2181, Closing socket connection. Attempting reconnect except it is a SessionExpiredException. (org.apache.zookeeper.ClientCnxn)
java.net.ConnectException: Connection refused
	at java.base/sun.nio.ch.Net.pollConnect(Native Method)
	at java.base/sun.nio.ch.Net.pollConnectNow(Net.java:579)
	at java.base/sun.nio.ch.SocketChannelImpl.finishConnect(SocketChannelImpl.java:820)
	at org.apache.zookeeper.ClientCnxnSocketNIO.doTransport(ClientCnxnSocketNIO.java:344)
	at org.apache.zookeeper.ClientCnxn$SendThread.run(ClientCnxn.java:1290)
[2022-02-25 18:06:48,792] INFO Opening socket connection to server localhost/127.0.0.1:2181. (org.apache.zookeeper.ClientCnxn)
[2022-02-25 18:06:48,793] INFO SASL config status: Will not attempt to authenticate using SASL (unknown error) (org.apache.zookeeper.ClientCnxn)
[2022-02-25 18:06:48,794] WARN Session 0x0 for sever localhost/127.0.0.1:2181, Closing socket connection. Attempting reconnect except it is a SessionExpiredException. (org.apache.zookeeper.ClientCnxn)
java.net.ConnectException: Connection refused
	at java.base/sun.nio.ch.Net.pollConnect(Native Method)
	at java.base/sun.nio.ch.Net.pollConnectNow(Net.java:579)
	at java.base/sun.nio.ch.SocketChannelImpl.finishConnect(SocketChannelImpl.java:820)
	at org.apache.zookeeper.ClientCnxnSocketNIO.doTransport(ClientCnxnSocketNIO.java:344)
	at org.apache.zookeeper.ClientCnxn$SendThread.run(ClientCnxn.java:1290)
[2022-02-25 18:06:49,053] INFO [ZooKeeperClient Kafka server] Closing. (kafka.zookeeper.ZooKeeperClient)
[2022-02-25 18:06:49,901] INFO Opening socket connection to server localhost/127.0.0.1:2181. (org.apache.zookeeper.ClientCnxn)
[2022-02-25 18:06:49,901] INFO SASL config status: Will not attempt to authenticate using SASL (unknown error) (org.apache.zookeeper.ClientCnxn)
[2022-02-25 18:06:49,902] WARN An exception was thrown while closing send thread for session 0x0. (org.apache.zookeeper.ClientCnxn)
java.net.ConnectException: Connection refused
	at java.base/sun.nio.ch.Net.pollConnect(Native Method)
	at java.base/sun.nio.ch.Net.pollConnectNow(Net.java:579)
	at java.base/sun.nio.ch.SocketChannelImpl.finishConnect(SocketChannelImpl.java:820)
	at org.apache.zookeeper.ClientCnxnSocketNIO.doTransport(ClientCnxnSocketNIO.java:344)
	at org.apache.zookeeper.ClientCnxn$SendThread.run(ClientCnxn.java:1290)
[2022-02-25 18:06:50,010] INFO Session: 0x0 closed (org.apache.zookeeper.ZooKeeper)
[2022-02-25 18:06:50,010] INFO EventThread shut down for session: 0x0 (org.apache.zookeeper.ClientCnxn)
[2022-02-25 18:06:50,011] INFO [ZooKeeperClient Kafka server] Closed. (kafka.zookeeper.ZooKeeperClient)
[2022-02-25 18:06:50,014] ERROR Fatal error during KafkaServer startup. Prepare to shutdown (kafka.server.KafkaServer)
kafka.zookeeper.ZooKeeperClientTimeoutException: Timed out waiting for connection while in state: CONNECTING
	at kafka.zookeeper.ZooKeeperClient.waitUntilConnected(ZooKeeperClient.scala:254)
	at kafka.zookeeper.ZooKeeperClient.<init>(ZooKeeperClient.scala:108)
	at kafka.zk.KafkaZkClient$.apply(KafkaZkClient.scala:1981)
	at kafka.server.KafkaServer.initZkClient(KafkaServer.scala:491)
	at kafka.server.KafkaServer.startup(KafkaServer.scala:201)
	at kafka.Kafka$.main(Kafka.scala:109)
	at kafka.Kafka.main(Kafka.scala)
[2022-02-25 18:06:50,014] INFO shutting down (kafka.server.KafkaServer)
[2022-02-25 18:06:50,021] INFO App info kafka.server for 0 unregistered (org.apache.kafka.common.utils.AppInfoParser)
[2022-02-25 18:06:50,022] INFO shut down completed (kafka.server.KafkaServer)
[2022-02-25 18:06:50,022] ERROR Exiting Kafka. (kafka.Kafka$)
[2022-02-25 18:06:50,022] INFO shutting down (kafka.server.KafkaServer)
[2022-02-25 18:12:39,711] INFO Reading configuration from: config/zookeeper.properties (org.apache.zookeeper.server.quorum.QuorumPeerConfig)
[2022-02-25 18:12:39,713] WARN config/zookeeper.properties is relative. Prepend ./ to indicate that you're sure! (org.apache.zookeeper.server.quorum.QuorumPeerConfig)
[2022-02-25 18:12:39,721] INFO clientPortAddress is 0.0.0.0:2181 (org.apache.zookeeper.server.quorum.QuorumPeerConfig)
[2022-02-25 18:12:39,721] INFO secureClientPort is not set (org.apache.zookeeper.server.quorum.QuorumPeerConfig)
[2022-02-25 18:12:39,721] INFO observerMasterPort is not set (org.apache.zookeeper.server.quorum.QuorumPeerConfig)
[2022-02-25 18:12:39,721] INFO metricsProvider.className is org.apache.zookeeper.metrics.impl.DefaultMetricsProvider (org.apache.zookeeper.server.quorum.QuorumPeerConfig)
[2022-02-25 18:12:39,724] INFO autopurge.snapRetainCount set to 3 (org.apache.zookeeper.server.DatadirCleanupManager)
[2022-02-25 18:12:39,724] INFO autopurge.purgeInterval set to 0 (org.apache.zookeeper.server.DatadirCleanupManager)
[2022-02-25 18:12:39,724] INFO Purge task is not scheduled. (org.apache.zookeeper.server.DatadirCleanupManager)
[2022-02-25 18:12:39,724] WARN Either no config or no quorum defined in config, running in standalone mode (org.apache.zookeeper.server.quorum.QuorumPeerMain)
[2022-02-25 18:12:39,730] INFO Log4j 1.2 jmx support found and enabled. (org.apache.zookeeper.jmx.ManagedUtil)
[2022-02-25 18:12:39,742] INFO Reading configuration from: config/zookeeper.properties (org.apache.zookeeper.server.quorum.QuorumPeerConfig)
[2022-02-25 18:12:39,742] WARN config/zookeeper.properties is relative. Prepend ./ to indicate that you're sure! (org.apache.zookeeper.server.quorum.QuorumPeerConfig)
[2022-02-25 18:12:39,743] INFO clientPortAddress is 0.0.0.0:2181 (org.apache.zookeeper.server.quorum.QuorumPeerConfig)
[2022-02-25 18:12:39,743] INFO secureClientPort is not set (org.apache.zookeeper.server.quorum.QuorumPeerConfig)
[2022-02-25 18:12:39,743] INFO observerMasterPort is not set (org.apache.zookeeper.server.quorum.QuorumPeerConfig)
[2022-02-25 18:12:39,743] INFO metricsProvider.className is org.apache.zookeeper.metrics.impl.DefaultMetricsProvider (org.apache.zookeeper.server.quorum.QuorumPeerConfig)
[2022-02-25 18:12:39,743] INFO Starting server (org.apache.zookeeper.server.ZooKeeperServerMain)
[2022-02-25 18:12:39,758] INFO ServerMetrics initialized with provider org.apache.zookeeper.metrics.impl.DefaultMetricsProvider@5d47c63f (org.apache.zookeeper.server.ServerMetrics)
[2022-02-25 18:12:39,763] INFO zookeeper.snapshot.trust.empty : false (org.apache.zookeeper.server.persistence.FileTxnSnapLog)
[2022-02-25 18:12:39,776] INFO  (org.apache.zookeeper.server.ZooKeeperServer)
[2022-02-25 18:12:39,776] INFO   ______                  _                                           (org.apache.zookeeper.server.ZooKeeperServer)
[2022-02-25 18:12:39,776] INFO  |___  /                 | |                                          (org.apache.zookeeper.server.ZooKeeperServer)
[2022-02-25 18:12:39,776] INFO     / /    ___     ___   | | __   ___    ___   _ __     ___   _ __    (org.apache.zookeeper.server.ZooKeeperServer)
[2022-02-25 18:12:39,776] INFO    / /    / _ \   / _ \  | |/ /  / _ \  / _ \ | '_ \   / _ \ | '__| (org.apache.zookeeper.server.ZooKeeperServer)
[2022-02-25 18:12:39,776] INFO   / /__  | (_) | | (_) | |   <  |  __/ |  __/ | |_) | |  __/ | |     (org.apache.zookeeper.server.ZooKeeperServer)
[2022-02-25 18:12:39,776] INFO  /_____|  \___/   \___/  |_|\_\  \___|  \___| | .__/   \___| |_| (org.apache.zookeeper.server.ZooKeeperServer)
[2022-02-25 18:12:39,776] INFO                                               | |                      (org.apache.zookeeper.server.ZooKeeperServer)
[2022-02-25 18:12:39,776] INFO                                               |_|                      (org.apache.zookeeper.server.ZooKeeperServer)
[2022-02-25 18:12:39,776] INFO  (org.apache.zookeeper.server.ZooKeeperServer)
[2022-02-25 18:12:39,779] INFO Server environment:zookeeper.version=3.6.3--6401e4ad2087061bc6b9f80dec2d69f2e3c8660a, built on 04/08/2021 16:35 GMT (org.apache.zookeeper.server.ZooKeeperServer)
[2022-02-25 18:12:39,779] INFO Server environment:host.name=localhost (org.apache.zookeeper.server.ZooKeeperServer)
[2022-02-25 18:12:39,779] INFO Server environment:java.version=13.0.1 (org.apache.zookeeper.server.ZooKeeperServer)
[2022-02-25 18:12:39,779] INFO Server environment:java.vendor=Oracle Corporation (org.apache.zookeeper.server.ZooKeeperServer)
[2022-02-25 18:12:39,779] INFO Server environment:java.home=/Library/Java/JavaVirtualMachines/jdk-13.0.1.jdk/Contents/Home (org.apache.zookeeper.server.ZooKeeperServer)
[2022-02-25 18:12:39,779] INFO Server environment:java.class.path=/Users/ZaGA/Space/Desk/2-Software-Arch/Project3/kafka/bin/../libs/activation-1.1.1.jar:/Users/ZaGA/Space/Desk/2-Software-Arch/Project3/kafka/bin/../libs/aopalliance-repackaged-2.6.1.jar:/Users/ZaGA/Space/Desk/2-Software-Arch/Project3/kafka/bin/../libs/argparse4j-0.7.0.jar:/Users/ZaGA/Space/Desk/2-Software-Arch/Project3/kafka/bin/../libs/audience-annotations-0.5.0.jar:/Users/ZaGA/Space/Desk/2-Software-Arch/Project3/kafka/bin/../libs/commons-cli-1.4.jar:/Users/ZaGA/Space/Desk/2-Software-Arch/Project3/kafka/bin/../libs/commons-lang3-3.8.1.jar:/Users/ZaGA/Space/Desk/2-Software-Arch/Project3/kafka/bin/../libs/connect-api-3.1.0.jar:/Users/ZaGA/Space/Desk/2-Software-Arch/Project3/kafka/bin/../libs/connect-basic-auth-extension-3.1.0.jar:/Users/ZaGA/Space/Desk/2-Software-Arch/Project3/kafka/bin/../libs/connect-file-3.1.0.jar:/Users/ZaGA/Space/Desk/2-Software-Arch/Project3/kafka/bin/../libs/connect-json-3.1.0.jar:/Users/ZaGA/Space/Desk/2-Software-Arch/Project3/kafka/bin/../libs/connect-mirror-3.1.0.jar:/Users/ZaGA/Space/Desk/2-Software-Arch/Project3/kafka/bin/../libs/connect-mirror-client-3.1.0.jar:/Users/ZaGA/Space/Desk/2-Software-Arch/Project3/kafka/bin/../libs/connect-runtime-3.1.0.jar:/Users/ZaGA/Space/Desk/2-Software-Arch/Project3/kafka/bin/../libs/connect-transforms-3.1.0.jar:/Users/ZaGA/Space/Desk/2-Software-Arch/Project3/kafka/bin/../libs/hk2-api-2.6.1.jar:/Users/ZaGA/Space/Desk/2-Software-Arch/Project3/kafka/bin/../libs/hk2-locator-2.6.1.jar:/Users/ZaGA/Space/Desk/2-Software-Arch/Project3/kafka/bin/../libs/hk2-utils-2.6.1.jar:/Users/ZaGA/Space/Desk/2-Software-Arch/Project3/kafka/bin/../libs/jackson-annotations-2.12.3.jar:/Users/ZaGA/Space/Desk/2-Software-Arch/Project3/kafka/bin/../libs/jackson-core-2.12.3.jar:/Users/ZaGA/Space/Desk/2-Software-Arch/Project3/kafka/bin/../libs/jackson-databind-2.12.3.jar:/Users/ZaGA/Space/Desk/2-Software-Arch/Project3/kafka/bin/../libs/jackson-dataformat-csv-2.12.3.jar:/Users/ZaGA/Space/Desk/2-Software-Arch/Project3/kafka/bin/../libs/jackson-datatype-jdk8-2.12.3.jar:/Users/ZaGA/Space/Desk/2-Software-Arch/Project3/kafka/bin/../libs/jackson-jaxrs-base-2.12.3.jar:/Users/ZaGA/Space/Desk/2-Software-Arch/Project3/kafka/bin/../libs/jackson-jaxrs-json-provider-2.12.3.jar:/Users/ZaGA/Space/Desk/2-Software-Arch/Project3/kafka/bin/../libs/jackson-module-jaxb-annotations-2.12.3.jar:/Users/ZaGA/Space/Desk/2-Software-Arch/Project3/kafka/bin/../libs/jackson-module-scala_2.13-2.12.3.jar:/Users/ZaGA/Space/Desk/2-Software-Arch/Project3/kafka/bin/../libs/jakarta.activation-api-1.2.1.jar:/Users/ZaGA/Space/Desk/2-Software-Arch/Project3/kafka/bin/../libs/jakarta.annotation-api-1.3.5.jar:/Users/ZaGA/Space/Desk/2-Software-Arch/Project3/kafka/bin/../libs/jakarta.inject-2.6.1.jar:/Users/ZaGA/Space/Desk/2-Software-Arch/Project3/kafka/bin/../libs/jakarta.validation-api-2.0.2.jar:/Users/ZaGA/Space/Desk/2-Software-Arch/Project3/kafka/bin/../libs/jakarta.ws.rs-api-2.1.6.jar:/Users/ZaGA/Space/Desk/2-Software-Arch/Project3/kafka/bin/../libs/jakarta.xml.bind-api-2.3.2.jar:/Users/ZaGA/Space/Desk/2-Software-Arch/Project3/kafka/bin/../libs/javassist-3.27.0-GA.jar:/Users/ZaGA/Space/Desk/2-Software-Arch/Project3/kafka/bin/../libs/javax.servlet-api-3.1.0.jar:/Users/ZaGA/Space/Desk/2-Software-Arch/Project3/kafka/bin/../libs/javax.ws.rs-api-2.1.1.jar:/Users/ZaGA/Space/Desk/2-Software-Arch/Project3/kafka/bin/../libs/jaxb-api-2.3.0.jar:/Users/ZaGA/Space/Desk/2-Software-Arch/Project3/kafka/bin/../libs/jersey-client-2.34.jar:/Users/ZaGA/Space/Desk/2-Software-Arch/Project3/kafka/bin/../libs/jersey-common-2.34.jar:/Users/ZaGA/Space/Desk/2-Software-Arch/Project3/kafka/bin/../libs/jersey-container-servlet-2.34.jar:/Users/ZaGA/Space/Desk/2-Software-Arch/Project3/kafka/bin/../libs/jersey-container-servlet-core-2.34.jar:/Users/ZaGA/Space/Desk/2-Software-Arch/Project3/kafka/bin/../libs/jersey-hk2-2.34.jar:/Users/ZaGA/Space/Desk/2-Software-Arch/Project3/kafka/bin/../libs/jersey-server-2.34.jar:/Users/ZaGA/Space/Desk/2-Software-Arch/Project3/kafka/bin/../libs/jetty-client-9.4.43.v20210629.jar:/Users/ZaGA/Space/Desk/2-Software-Arch/Project3/kafka/bin/../libs/jetty-continuation-9.4.43.v20210629.jar:/Users/ZaGA/Space/Desk/2-Software-Arch/Project3/kafka/bin/../libs/jetty-http-9.4.43.v20210629.jar:/Users/ZaGA/Space/Desk/2-Software-Arch/Project3/kafka/bin/../libs/jetty-io-9.4.43.v20210629.jar:/Users/ZaGA/Space/Desk/2-Software-Arch/Project3/kafka/bin/../libs/jetty-security-9.4.43.v20210629.jar:/Users/ZaGA/Space/Desk/2-Software-Arch/Project3/kafka/bin/../libs/jetty-server-9.4.43.v20210629.jar:/Users/ZaGA/Space/Desk/2-Software-Arch/Project3/kafka/bin/../libs/jetty-servlet-9.4.43.v20210629.jar:/Users/ZaGA/Space/Desk/2-Software-Arch/Project3/kafka/bin/../libs/jetty-servlets-9.4.43.v20210629.jar:/Users/ZaGA/Space/Desk/2-Software-Arch/Project3/kafka/bin/../libs/jetty-util-9.4.43.v20210629.jar:/Users/ZaGA/Space/Desk/2-Software-Arch/Project3/kafka/bin/../libs/jetty-util-ajax-9.4.43.v20210629.jar:/Users/ZaGA/Space/Desk/2-Software-Arch/Project3/kafka/bin/../libs/jline-3.12.1.jar:/Users/ZaGA/Space/Desk/2-Software-Arch/Project3/kafka/bin/../libs/jopt-simple-5.0.4.jar:/Users/ZaGA/Space/Desk/2-Software-Arch/Project3/kafka/bin/../libs/jose4j-0.7.8.jar:/Users/ZaGA/Space/Desk/2-Software-Arch/Project3/kafka/bin/../libs/kafka-clients-3.1.0.jar:/Users/ZaGA/Space/Desk/2-Software-Arch/Project3/kafka/bin/../libs/kafka-log4j-appender-3.1.0.jar:/Users/ZaGA/Space/Desk/2-Software-Arch/Project3/kafka/bin/../libs/kafka-metadata-3.1.0.jar:/Users/ZaGA/Space/Desk/2-Software-Arch/Project3/kafka/bin/../libs/kafka-raft-3.1.0.jar:/Users/ZaGA/Space/Desk/2-Software-Arch/Project3/kafka/bin/../libs/kafka-server-common-3.1.0.jar:/Users/ZaGA/Space/Desk/2-Software-Arch/Project3/kafka/bin/../libs/kafka-shell-3.1.0.jar:/Users/ZaGA/Space/Desk/2-Software-Arch/Project3/kafka/bin/../libs/kafka-storage-3.1.0.jar:/Users/ZaGA/Space/Desk/2-Software-Arch/Project3/kafka/bin/../libs/kafka-storage-api-3.1.0.jar:/Users/ZaGA/Space/Desk/2-Software-Arch/Project3/kafka/bin/../libs/kafka-streams-3.1.0.jar:/Users/ZaGA/Space/Desk/2-Software-Arch/Project3/kafka/bin/../libs/kafka-streams-examples-3.1.0.jar:/Users/ZaGA/Space/Desk/2-Software-Arch/Project3/kafka/bin/../libs/kafka-streams-scala_2.13-3.1.0.jar:/Users/ZaGA/Space/Desk/2-Software-Arch/Project3/kafka/bin/../libs/kafka-streams-test-utils-3.1.0.jar:/Users/ZaGA/Space/Desk/2-Software-Arch/Project3/kafka/bin/../libs/kafka-tools-3.1.0.jar:/Users/ZaGA/Space/Desk/2-Software-Arch/Project3/kafka/bin/../libs/kafka_2.13-3.1.0.jar:/Users/ZaGA/Space/Desk/2-Software-Arch/Project3/kafka/bin/../libs/log4j-1.2.17.jar:/Users/ZaGA/Space/Desk/2-Software-Arch/Project3/kafka/bin/../libs/lz4-java-1.8.0.jar:/Users/ZaGA/Space/Desk/2-Software-Arch/Project3/kafka/bin/../libs/maven-artifact-3.8.1.jar:/Users/ZaGA/Space/Desk/2-Software-Arch/Project3/kafka/bin/../libs/metrics-core-2.2.0.jar:/Users/ZaGA/Space/Desk/2-Software-Arch/Project3/kafka/bin/../libs/metrics-core-4.1.12.1.jar:/Users/ZaGA/Space/Desk/2-Software-Arch/Project3/kafka/bin/../libs/netty-buffer-4.1.68.Final.jar:/Users/ZaGA/Space/Desk/2-Software-Arch/Project3/kafka/bin/../libs/netty-codec-4.1.68.Final.jar:/Users/ZaGA/Space/Desk/2-Software-Arch/Project3/kafka/bin/../libs/netty-common-4.1.68.Final.jar:/Users/ZaGA/Space/Desk/2-Software-Arch/Project3/kafka/bin/../libs/netty-handler-4.1.68.Final.jar:/Users/ZaGA/Space/Desk/2-Software-Arch/Project3/kafka/bin/../libs/netty-resolver-4.1.68.Final.jar:/Users/ZaGA/Space/Desk/2-Software-Arch/Project3/kafka/bin/../libs/netty-transport-4.1.68.Final.jar:/Users/ZaGA/Space/Desk/2-Software-Arch/Project3/kafka/bin/../libs/netty-transport-native-epoll-4.1.68.Final.jar:/Users/ZaGA/Space/Desk/2-Software-Arch/Project3/kafka/bin/../libs/netty-transport-native-unix-common-4.1.68.Final.jar:/Users/ZaGA/Space/Desk/2-Software-Arch/Project3/kafka/bin/../libs/osgi-resource-locator-1.0.3.jar:/Users/ZaGA/Space/Desk/2-Software-Arch/Project3/kafka/bin/../libs/paranamer-2.8.jar:/Users/ZaGA/Space/Desk/2-Software-Arch/Project3/kafka/bin/../libs/plexus-utils-3.2.1.jar:/Users/ZaGA/Space/Desk/2-Software-Arch/Project3/kafka/bin/../libs/reflections-0.9.12.jar:/Users/ZaGA/Space/Desk/2-Software-Arch/Project3/kafka/bin/../libs/rocksdbjni-6.22.1.1.jar:/Users/ZaGA/Space/Desk/2-Software-Arch/Project3/kafka/bin/../libs/scala-collection-compat_2.13-2.4.4.jar:/Users/ZaGA/Space/Desk/2-Software-Arch/Project3/kafka/bin/../libs/scala-java8-compat_2.13-1.0.0.jar:/Users/ZaGA/Space/Desk/2-Software-Arch/Project3/kafka/bin/../libs/scala-library-2.13.6.jar:/Users/ZaGA/Space/Desk/2-Software-Arch/Project3/kafka/bin/../libs/scala-logging_2.13-3.9.3.jar:/Users/ZaGA/Space/Desk/2-Software-Arch/Project3/kafka/bin/../libs/scala-reflect-2.13.6.jar:/Users/ZaGA/Space/Desk/2-Software-Arch/Project3/kafka/bin/../libs/slf4j-api-1.7.30.jar:/Users/ZaGA/Space/Desk/2-Software-Arch/Project3/kafka/bin/../libs/slf4j-log4j12-1.7.30.jar:/Users/ZaGA/Space/Desk/2-Software-Arch/Project3/kafka/bin/../libs/snappy-java-1.1.8.4.jar:/Users/ZaGA/Space/Desk/2-Software-Arch/Project3/kafka/bin/../libs/trogdor-3.1.0.jar:/Users/ZaGA/Space/Desk/2-Software-Arch/Project3/kafka/bin/../libs/zookeeper-3.6.3.jar:/Users/ZaGA/Space/Desk/2-Software-Arch/Project3/kafka/bin/../libs/zookeeper-jute-3.6.3.jar:/Users/ZaGA/Space/Desk/2-Software-Arch/Project3/kafka/bin/../libs/zstd-jni-1.5.0-4.jar (org.apache.zookeeper.server.ZooKeeperServer)
[2022-02-25 18:12:39,780] INFO Server environment:java.library.path=/Users/ZaGA/Library/Java/Extensions:/Library/Java/Extensions:/Network/Library/Java/Extensions:/System/Library/Java/Extensions:/usr/lib/java:. (org.apache.zookeeper.server.ZooKeeperServer)
[2022-02-25 18:12:39,780] INFO Server environment:java.io.tmpdir=/var/folders/ym/dmgvx1w92d3_4q1yrwvjmw3c0000gn/T/ (org.apache.zookeeper.server.ZooKeeperServer)
[2022-02-25 18:12:39,780] INFO Server environment:java.compiler=<NA> (org.apache.zookeeper.server.ZooKeeperServer)
[2022-02-25 18:12:39,780] INFO Server environment:os.name=Mac OS X (org.apache.zookeeper.server.ZooKeeperServer)
[2022-02-25 18:12:39,780] INFO Server environment:os.arch=x86_64 (org.apache.zookeeper.server.ZooKeeperServer)
[2022-02-25 18:12:39,780] INFO Server environment:os.version=10.16 (org.apache.zookeeper.server.ZooKeeperServer)
[2022-02-25 18:12:39,780] INFO Server environment:user.name=zaga (org.apache.zookeeper.server.ZooKeeperServer)
[2022-02-25 18:12:39,780] INFO Server environment:user.home=/Users/ZaGA (org.apache.zookeeper.server.ZooKeeperServer)
[2022-02-25 18:12:39,780] INFO Server environment:user.dir=/Users/ZaGA/Space/Desk/2-Software-Arch/Project3/kafka (org.apache.zookeeper.server.ZooKeeperServer)
[2022-02-25 18:12:39,780] INFO Server environment:os.memory.free=490MB (org.apache.zookeeper.server.ZooKeeperServer)
[2022-02-25 18:12:39,780] INFO Server environment:os.memory.max=512MB (org.apache.zookeeper.server.ZooKeeperServer)
[2022-02-25 18:12:39,780] INFO Server environment:os.memory.total=512MB (org.apache.zookeeper.server.ZooKeeperServer)
[2022-02-25 18:12:39,781] INFO zookeeper.enableEagerACLCheck = false (org.apache.zookeeper.server.ZooKeeperServer)
[2022-02-25 18:12:39,781] INFO zookeeper.digest.enabled = true (org.apache.zookeeper.server.ZooKeeperServer)
[2022-02-25 18:12:39,781] INFO zookeeper.closeSessionTxn.enabled = true (org.apache.zookeeper.server.ZooKeeperServer)
[2022-02-25 18:12:39,781] INFO zookeeper.flushDelay=0 (org.apache.zookeeper.server.ZooKeeperServer)
[2022-02-25 18:12:39,781] INFO zookeeper.maxWriteQueuePollTime=0 (org.apache.zookeeper.server.ZooKeeperServer)
[2022-02-25 18:12:39,782] INFO zookeeper.maxBatchSize=1000 (org.apache.zookeeper.server.ZooKeeperServer)
[2022-02-25 18:12:39,782] INFO zookeeper.intBufferStartingSizeBytes = 1024 (org.apache.zookeeper.server.ZooKeeperServer)
[2022-02-25 18:12:39,783] INFO Weighed connection throttling is disabled (org.apache.zookeeper.server.BlueThrottle)
[2022-02-25 18:12:39,785] INFO minSessionTimeout set to 6000 (org.apache.zookeeper.server.ZooKeeperServer)
[2022-02-25 18:12:39,785] INFO maxSessionTimeout set to 60000 (org.apache.zookeeper.server.ZooKeeperServer)
[2022-02-25 18:12:39,787] INFO Response cache size is initialized with value 400. (org.apache.zookeeper.server.ResponseCache)
[2022-02-25 18:12:39,787] INFO Response cache size is initialized with value 400. (org.apache.zookeeper.server.ResponseCache)
[2022-02-25 18:12:39,788] INFO zookeeper.pathStats.slotCapacity = 60 (org.apache.zookeeper.server.util.RequestPathMetricsCollector)
[2022-02-25 18:12:39,788] INFO zookeeper.pathStats.slotDuration = 15 (org.apache.zookeeper.server.util.RequestPathMetricsCollector)
[2022-02-25 18:12:39,788] INFO zookeeper.pathStats.maxDepth = 6 (org.apache.zookeeper.server.util.RequestPathMetricsCollector)
[2022-02-25 18:12:39,788] INFO zookeeper.pathStats.initialDelay = 5 (org.apache.zookeeper.server.util.RequestPathMetricsCollector)
[2022-02-25 18:12:39,788] INFO zookeeper.pathStats.delay = 5 (org.apache.zookeeper.server.util.RequestPathMetricsCollector)
[2022-02-25 18:12:39,788] INFO zookeeper.pathStats.enabled = false (org.apache.zookeeper.server.util.RequestPathMetricsCollector)
[2022-02-25 18:12:39,791] INFO The max bytes for all large requests are set to 104857600 (org.apache.zookeeper.server.ZooKeeperServer)
[2022-02-25 18:12:39,791] INFO The large request threshold is set to -1 (org.apache.zookeeper.server.ZooKeeperServer)
[2022-02-25 18:12:39,791] INFO Created server with tickTime 3000 minSessionTimeout 6000 maxSessionTimeout 60000 clientPortListenBacklog -1 datadir /tmp/zookeeper/version-2 snapdir /tmp/zookeeper/version-2 (org.apache.zookeeper.server.ZooKeeperServer)
[2022-02-25 18:12:39,801] INFO Using org.apache.zookeeper.server.NIOServerCnxnFactory as server connection factory (org.apache.zookeeper.server.ServerCnxnFactory)
[2022-02-25 18:12:39,802] WARN maxCnxns is not configured, using default value 0. (org.apache.zookeeper.server.ServerCnxnFactory)
[2022-02-25 18:12:39,804] INFO Configuring NIO connection handler with 10s sessionless connection timeout, 2 selector thread(s), 16 worker threads, and 64 kB direct buffers. (org.apache.zookeeper.server.NIOServerCnxnFactory)
[2022-02-25 18:12:39,810] INFO binding to port 0.0.0.0/0.0.0.0:2181 (org.apache.zookeeper.server.NIOServerCnxnFactory)
[2022-02-25 18:12:39,838] INFO Using org.apache.zookeeper.server.watch.WatchManager as watch manager (org.apache.zookeeper.server.watch.WatchManagerFactory)
[2022-02-25 18:12:39,839] INFO Using org.apache.zookeeper.server.watch.WatchManager as watch manager (org.apache.zookeeper.server.watch.WatchManagerFactory)
[2022-02-25 18:12:39,840] INFO zookeeper.snapshotSizeFactor = 0.33 (org.apache.zookeeper.server.ZKDatabase)
[2022-02-25 18:12:39,840] INFO zookeeper.commitLogCount=500 (org.apache.zookeeper.server.ZKDatabase)
[2022-02-25 18:12:39,848] INFO zookeeper.snapshot.compression.method = CHECKED (org.apache.zookeeper.server.persistence.SnapStream)
[2022-02-25 18:12:39,848] INFO Snapshotting: 0x0 to /tmp/zookeeper/version-2/snapshot.0 (org.apache.zookeeper.server.persistence.FileTxnSnapLog)
[2022-02-25 18:12:39,854] INFO Snapshot loaded in 14 ms, highest zxid is 0x0, digest is 1371985504 (org.apache.zookeeper.server.ZKDatabase)
[2022-02-25 18:12:39,854] INFO Snapshotting: 0x0 to /tmp/zookeeper/version-2/snapshot.0 (org.apache.zookeeper.server.persistence.FileTxnSnapLog)
[2022-02-25 18:12:39,855] INFO Snapshot taken in 1 ms (org.apache.zookeeper.server.ZooKeeperServer)
[2022-02-25 18:12:39,868] INFO PrepRequestProcessor (sid:0) started, reconfigEnabled=false (org.apache.zookeeper.server.PrepRequestProcessor)
[2022-02-25 18:12:39,868] INFO zookeeper.request_throttler.shutdownTimeout = 10000 (org.apache.zookeeper.server.RequestThrottler)
[2022-02-25 18:12:39,886] INFO Using checkIntervalMs=60000 maxPerMinute=10000 maxNeverUsedIntervalMs=0 (org.apache.zookeeper.server.ContainerManager)
[2022-02-25 18:12:39,887] INFO ZooKeeper audit is disabled. (org.apache.zookeeper.audit.ZKAuditProvider)
[2022-02-25 18:14:58,647] INFO Registered kafka:type=kafka.Log4jController MBean (kafka.utils.Log4jControllerRegistration$)
[2022-02-25 18:14:59,279] INFO Setting -D jdk.tls.rejectClientInitiatedRenegotiation=true to disable client-initiated TLS renegotiation (org.apache.zookeeper.common.X509Util)
[2022-02-25 18:14:59,405] INFO Registered signal handlers for TERM, INT, HUP (org.apache.kafka.common.utils.LoggingSignalHandler)
[2022-02-25 18:14:59,409] INFO starting (kafka.server.KafkaServer)
[2022-02-25 18:14:59,410] INFO Connecting to zookeeper on localhost:2181 (kafka.server.KafkaServer)
[2022-02-25 18:14:59,445] INFO [ZooKeeperClient Kafka server] Initializing a new session to localhost:2181. (kafka.zookeeper.ZooKeeperClient)
[2022-02-25 18:14:59,454] INFO Client environment:zookeeper.version=3.6.3--6401e4ad2087061bc6b9f80dec2d69f2e3c8660a, built on 04/08/2021 16:35 GMT (org.apache.zookeeper.ZooKeeper)
[2022-02-25 18:14:59,454] INFO Client environment:host.name=localhost (org.apache.zookeeper.ZooKeeper)
[2022-02-25 18:14:59,454] INFO Client environment:java.version=13.0.1 (org.apache.zookeeper.ZooKeeper)
[2022-02-25 18:14:59,454] INFO Client environment:java.vendor=Oracle Corporation (org.apache.zookeeper.ZooKeeper)
[2022-02-25 18:14:59,454] INFO Client environment:java.home=/Library/Java/JavaVirtualMachines/jdk-13.0.1.jdk/Contents/Home (org.apache.zookeeper.ZooKeeper)
[2022-02-25 18:14:59,454] INFO Client environment:java.class.path=/Users/ZaGA/Space/Desk/2-Software-Arch/Project3/kafka/bin/../libs/activation-1.1.1.jar:/Users/ZaGA/Space/Desk/2-Software-Arch/Project3/kafka/bin/../libs/aopalliance-repackaged-2.6.1.jar:/Users/ZaGA/Space/Desk/2-Software-Arch/Project3/kafka/bin/../libs/argparse4j-0.7.0.jar:/Users/ZaGA/Space/Desk/2-Software-Arch/Project3/kafka/bin/../libs/audience-annotations-0.5.0.jar:/Users/ZaGA/Space/Desk/2-Software-Arch/Project3/kafka/bin/../libs/commons-cli-1.4.jar:/Users/ZaGA/Space/Desk/2-Software-Arch/Project3/kafka/bin/../libs/commons-lang3-3.8.1.jar:/Users/ZaGA/Space/Desk/2-Software-Arch/Project3/kafka/bin/../libs/connect-api-3.1.0.jar:/Users/ZaGA/Space/Desk/2-Software-Arch/Project3/kafka/bin/../libs/connect-basic-auth-extension-3.1.0.jar:/Users/ZaGA/Space/Desk/2-Software-Arch/Project3/kafka/bin/../libs/connect-file-3.1.0.jar:/Users/ZaGA/Space/Desk/2-Software-Arch/Project3/kafka/bin/../libs/connect-json-3.1.0.jar:/Users/ZaGA/Space/Desk/2-Software-Arch/Project3/kafka/bin/../libs/connect-mirror-3.1.0.jar:/Users/ZaGA/Space/Desk/2-Software-Arch/Project3/kafka/bin/../libs/connect-mirror-client-3.1.0.jar:/Users/ZaGA/Space/Desk/2-Software-Arch/Project3/kafka/bin/../libs/connect-runtime-3.1.0.jar:/Users/ZaGA/Space/Desk/2-Software-Arch/Project3/kafka/bin/../libs/connect-transforms-3.1.0.jar:/Users/ZaGA/Space/Desk/2-Software-Arch/Project3/kafka/bin/../libs/hk2-api-2.6.1.jar:/Users/ZaGA/Space/Desk/2-Software-Arch/Project3/kafka/bin/../libs/hk2-locator-2.6.1.jar:/Users/ZaGA/Space/Desk/2-Software-Arch/Project3/kafka/bin/../libs/hk2-utils-2.6.1.jar:/Users/ZaGA/Space/Desk/2-Software-Arch/Project3/kafka/bin/../libs/jackson-annotations-2.12.3.jar:/Users/ZaGA/Space/Desk/2-Software-Arch/Project3/kafka/bin/../libs/jackson-core-2.12.3.jar:/Users/ZaGA/Space/Desk/2-Software-Arch/Project3/kafka/bin/../libs/jackson-databind-2.12.3.jar:/Users/ZaGA/Space/Desk/2-Software-Arch/Project3/kafka/bin/../libs/jackson-dataformat-csv-2.12.3.jar:/Users/ZaGA/Space/Desk/2-Software-Arch/Project3/kafka/bin/../libs/jackson-datatype-jdk8-2.12.3.jar:/Users/ZaGA/Space/Desk/2-Software-Arch/Project3/kafka/bin/../libs/jackson-jaxrs-base-2.12.3.jar:/Users/ZaGA/Space/Desk/2-Software-Arch/Project3/kafka/bin/../libs/jackson-jaxrs-json-provider-2.12.3.jar:/Users/ZaGA/Space/Desk/2-Software-Arch/Project3/kafka/bin/../libs/jackson-module-jaxb-annotations-2.12.3.jar:/Users/ZaGA/Space/Desk/2-Software-Arch/Project3/kafka/bin/../libs/jackson-module-scala_2.13-2.12.3.jar:/Users/ZaGA/Space/Desk/2-Software-Arch/Project3/kafka/bin/../libs/jakarta.activation-api-1.2.1.jar:/Users/ZaGA/Space/Desk/2-Software-Arch/Project3/kafka/bin/../libs/jakarta.annotation-api-1.3.5.jar:/Users/ZaGA/Space/Desk/2-Software-Arch/Project3/kafka/bin/../libs/jakarta.inject-2.6.1.jar:/Users/ZaGA/Space/Desk/2-Software-Arch/Project3/kafka/bin/../libs/jakarta.validation-api-2.0.2.jar:/Users/ZaGA/Space/Desk/2-Software-Arch/Project3/kafka/bin/../libs/jakarta.ws.rs-api-2.1.6.jar:/Users/ZaGA/Space/Desk/2-Software-Arch/Project3/kafka/bin/../libs/jakarta.xml.bind-api-2.3.2.jar:/Users/ZaGA/Space/Desk/2-Software-Arch/Project3/kafka/bin/../libs/javassist-3.27.0-GA.jar:/Users/ZaGA/Space/Desk/2-Software-Arch/Project3/kafka/bin/../libs/javax.servlet-api-3.1.0.jar:/Users/ZaGA/Space/Desk/2-Software-Arch/Project3/kafka/bin/../libs/javax.ws.rs-api-2.1.1.jar:/Users/ZaGA/Space/Desk/2-Software-Arch/Project3/kafka/bin/../libs/jaxb-api-2.3.0.jar:/Users/ZaGA/Space/Desk/2-Software-Arch/Project3/kafka/bin/../libs/jersey-client-2.34.jar:/Users/ZaGA/Space/Desk/2-Software-Arch/Project3/kafka/bin/../libs/jersey-common-2.34.jar:/Users/ZaGA/Space/Desk/2-Software-Arch/Project3/kafka/bin/../libs/jersey-container-servlet-2.34.jar:/Users/ZaGA/Space/Desk/2-Software-Arch/Project3/kafka/bin/../libs/jersey-container-servlet-core-2.34.jar:/Users/ZaGA/Space/Desk/2-Software-Arch/Project3/kafka/bin/../libs/jersey-hk2-2.34.jar:/Users/ZaGA/Space/Desk/2-Software-Arch/Project3/kafka/bin/../libs/jersey-server-2.34.jar:/Users/ZaGA/Space/Desk/2-Software-Arch/Project3/kafka/bin/../libs/jetty-client-9.4.43.v20210629.jar:/Users/ZaGA/Space/Desk/2-Software-Arch/Project3/kafka/bin/../libs/jetty-continuation-9.4.43.v20210629.jar:/Users/ZaGA/Space/Desk/2-Software-Arch/Project3/kafka/bin/../libs/jetty-http-9.4.43.v20210629.jar:/Users/ZaGA/Space/Desk/2-Software-Arch/Project3/kafka/bin/../libs/jetty-io-9.4.43.v20210629.jar:/Users/ZaGA/Space/Desk/2-Software-Arch/Project3/kafka/bin/../libs/jetty-security-9.4.43.v20210629.jar:/Users/ZaGA/Space/Desk/2-Software-Arch/Project3/kafka/bin/../libs/jetty-server-9.4.43.v20210629.jar:/Users/ZaGA/Space/Desk/2-Software-Arch/Project3/kafka/bin/../libs/jetty-servlet-9.4.43.v20210629.jar:/Users/ZaGA/Space/Desk/2-Software-Arch/Project3/kafka/bin/../libs/jetty-servlets-9.4.43.v20210629.jar:/Users/ZaGA/Space/Desk/2-Software-Arch/Project3/kafka/bin/../libs/jetty-util-9.4.43.v20210629.jar:/Users/ZaGA/Space/Desk/2-Software-Arch/Project3/kafka/bin/../libs/jetty-util-ajax-9.4.43.v20210629.jar:/Users/ZaGA/Space/Desk/2-Software-Arch/Project3/kafka/bin/../libs/jline-3.12.1.jar:/Users/ZaGA/Space/Desk/2-Software-Arch/Project3/kafka/bin/../libs/jopt-simple-5.0.4.jar:/Users/ZaGA/Space/Desk/2-Software-Arch/Project3/kafka/bin/../libs/jose4j-0.7.8.jar:/Users/ZaGA/Space/Desk/2-Software-Arch/Project3/kafka/bin/../libs/kafka-clients-3.1.0.jar:/Users/ZaGA/Space/Desk/2-Software-Arch/Project3/kafka/bin/../libs/kafka-log4j-appender-3.1.0.jar:/Users/ZaGA/Space/Desk/2-Software-Arch/Project3/kafka/bin/../libs/kafka-metadata-3.1.0.jar:/Users/ZaGA/Space/Desk/2-Software-Arch/Project3/kafka/bin/../libs/kafka-raft-3.1.0.jar:/Users/ZaGA/Space/Desk/2-Software-Arch/Project3/kafka/bin/../libs/kafka-server-common-3.1.0.jar:/Users/ZaGA/Space/Desk/2-Software-Arch/Project3/kafka/bin/../libs/kafka-shell-3.1.0.jar:/Users/ZaGA/Space/Desk/2-Software-Arch/Project3/kafka/bin/../libs/kafka-storage-3.1.0.jar:/Users/ZaGA/Space/Desk/2-Software-Arch/Project3/kafka/bin/../libs/kafka-storage-api-3.1.0.jar:/Users/ZaGA/Space/Desk/2-Software-Arch/Project3/kafka/bin/../libs/kafka-streams-3.1.0.jar:/Users/ZaGA/Space/Desk/2-Software-Arch/Project3/kafka/bin/../libs/kafka-streams-examples-3.1.0.jar:/Users/ZaGA/Space/Desk/2-Software-Arch/Project3/kafka/bin/../libs/kafka-streams-scala_2.13-3.1.0.jar:/Users/ZaGA/Space/Desk/2-Software-Arch/Project3/kafka/bin/../libs/kafka-streams-test-utils-3.1.0.jar:/Users/ZaGA/Space/Desk/2-Software-Arch/Project3/kafka/bin/../libs/kafka-tools-3.1.0.jar:/Users/ZaGA/Space/Desk/2-Software-Arch/Project3/kafka/bin/../libs/kafka_2.13-3.1.0.jar:/Users/ZaGA/Space/Desk/2-Software-Arch/Project3/kafka/bin/../libs/log4j-1.2.17.jar:/Users/ZaGA/Space/Desk/2-Software-Arch/Project3/kafka/bin/../libs/lz4-java-1.8.0.jar:/Users/ZaGA/Space/Desk/2-Software-Arch/Project3/kafka/bin/../libs/maven-artifact-3.8.1.jar:/Users/ZaGA/Space/Desk/2-Software-Arch/Project3/kafka/bin/../libs/metrics-core-2.2.0.jar:/Users/ZaGA/Space/Desk/2-Software-Arch/Project3/kafka/bin/../libs/metrics-core-4.1.12.1.jar:/Users/ZaGA/Space/Desk/2-Software-Arch/Project3/kafka/bin/../libs/netty-buffer-4.1.68.Final.jar:/Users/ZaGA/Space/Desk/2-Software-Arch/Project3/kafka/bin/../libs/netty-codec-4.1.68.Final.jar:/Users/ZaGA/Space/Desk/2-Software-Arch/Project3/kafka/bin/../libs/netty-common-4.1.68.Final.jar:/Users/ZaGA/Space/Desk/2-Software-Arch/Project3/kafka/bin/../libs/netty-handler-4.1.68.Final.jar:/Users/ZaGA/Space/Desk/2-Software-Arch/Project3/kafka/bin/../libs/netty-resolver-4.1.68.Final.jar:/Users/ZaGA/Space/Desk/2-Software-Arch/Project3/kafka/bin/../libs/netty-transport-4.1.68.Final.jar:/Users/ZaGA/Space/Desk/2-Software-Arch/Project3/kafka/bin/../libs/netty-transport-native-epoll-4.1.68.Final.jar:/Users/ZaGA/Space/Desk/2-Software-Arch/Project3/kafka/bin/../libs/netty-transport-native-unix-common-4.1.68.Final.jar:/Users/ZaGA/Space/Desk/2-Software-Arch/Project3/kafka/bin/../libs/osgi-resource-locator-1.0.3.jar:/Users/ZaGA/Space/Desk/2-Software-Arch/Project3/kafka/bin/../libs/paranamer-2.8.jar:/Users/ZaGA/Space/Desk/2-Software-Arch/Project3/kafka/bin/../libs/plexus-utils-3.2.1.jar:/Users/ZaGA/Space/Desk/2-Software-Arch/Project3/kafka/bin/../libs/reflections-0.9.12.jar:/Users/ZaGA/Space/Desk/2-Software-Arch/Project3/kafka/bin/../libs/rocksdbjni-6.22.1.1.jar:/Users/ZaGA/Space/Desk/2-Software-Arch/Project3/kafka/bin/../libs/scala-collection-compat_2.13-2.4.4.jar:/Users/ZaGA/Space/Desk/2-Software-Arch/Project3/kafka/bin/../libs/scala-java8-compat_2.13-1.0.0.jar:/Users/ZaGA/Space/Desk/2-Software-Arch/Project3/kafka/bin/../libs/scala-library-2.13.6.jar:/Users/ZaGA/Space/Desk/2-Software-Arch/Project3/kafka/bin/../libs/scala-logging_2.13-3.9.3.jar:/Users/ZaGA/Space/Desk/2-Software-Arch/Project3/kafka/bin/../libs/scala-reflect-2.13.6.jar:/Users/ZaGA/Space/Desk/2-Software-Arch/Project3/kafka/bin/../libs/slf4j-api-1.7.30.jar:/Users/ZaGA/Space/Desk/2-Software-Arch/Project3/kafka/bin/../libs/slf4j-log4j12-1.7.30.jar:/Users/ZaGA/Space/Desk/2-Software-Arch/Project3/kafka/bin/../libs/snappy-java-1.1.8.4.jar:/Users/ZaGA/Space/Desk/2-Software-Arch/Project3/kafka/bin/../libs/trogdor-3.1.0.jar:/Users/ZaGA/Space/Desk/2-Software-Arch/Project3/kafka/bin/../libs/zookeeper-3.6.3.jar:/Users/ZaGA/Space/Desk/2-Software-Arch/Project3/kafka/bin/../libs/zookeeper-jute-3.6.3.jar:/Users/ZaGA/Space/Desk/2-Software-Arch/Project3/kafka/bin/../libs/zstd-jni-1.5.0-4.jar (org.apache.zookeeper.ZooKeeper)
[2022-02-25 18:14:59,455] INFO Client environment:java.library.path=/Users/ZaGA/Library/Java/Extensions:/Library/Java/Extensions:/Network/Library/Java/Extensions:/System/Library/Java/Extensions:/usr/lib/java:. (org.apache.zookeeper.ZooKeeper)
[2022-02-25 18:14:59,455] INFO Client environment:java.io.tmpdir=/var/folders/ym/dmgvx1w92d3_4q1yrwvjmw3c0000gn/T/ (org.apache.zookeeper.ZooKeeper)
[2022-02-25 18:14:59,455] INFO Client environment:java.compiler=<NA> (org.apache.zookeeper.ZooKeeper)
[2022-02-25 18:14:59,455] INFO Client environment:os.name=Mac OS X (org.apache.zookeeper.ZooKeeper)
[2022-02-25 18:14:59,456] INFO Client environment:os.arch=x86_64 (org.apache.zookeeper.ZooKeeper)
[2022-02-25 18:14:59,456] INFO Client environment:os.version=10.16 (org.apache.zookeeper.ZooKeeper)
[2022-02-25 18:14:59,456] INFO Client environment:user.name=zaga (org.apache.zookeeper.ZooKeeper)
[2022-02-25 18:14:59,456] INFO Client environment:user.home=/Users/ZaGA (org.apache.zookeeper.ZooKeeper)
[2022-02-25 18:14:59,456] INFO Client environment:user.dir=/Users/ZaGA/Space/Desk/2-Software-Arch/Project3/kafka (org.apache.zookeeper.ZooKeeper)
[2022-02-25 18:14:59,456] INFO Client environment:os.memory.free=1014MB (org.apache.zookeeper.ZooKeeper)
[2022-02-25 18:14:59,456] INFO Client environment:os.memory.max=1024MB (org.apache.zookeeper.ZooKeeper)
[2022-02-25 18:14:59,456] INFO Client environment:os.memory.total=1024MB (org.apache.zookeeper.ZooKeeper)
[2022-02-25 18:14:59,460] INFO Initiating client connection, connectString=localhost:2181 sessionTimeout=18000 watcher=kafka.zookeeper.ZooKeeperClient$ZooKeeperClientWatcher$@2205a05d (org.apache.zookeeper.ZooKeeper)
[2022-02-25 18:14:59,467] INFO jute.maxbuffer value is 4194304 Bytes (org.apache.zookeeper.ClientCnxnSocket)
[2022-02-25 18:14:59,475] INFO zookeeper.request.timeout value is 0. feature enabled=false (org.apache.zookeeper.ClientCnxn)
[2022-02-25 18:14:59,477] INFO [ZooKeeperClient Kafka server] Waiting until connected. (kafka.zookeeper.ZooKeeperClient)
[2022-02-25 18:14:59,484] INFO Opening socket connection to server localhost/0:0:0:0:0:0:0:1:2181. (org.apache.zookeeper.ClientCnxn)
[2022-02-25 18:14:59,485] INFO SASL config status: Will not attempt to authenticate using SASL (unknown error) (org.apache.zookeeper.ClientCnxn)
[2022-02-25 18:14:59,492] INFO Socket connection established, initiating session, client: /0:0:0:0:0:0:0:1:52069, server: localhost/0:0:0:0:0:0:0:1:2181 (org.apache.zookeeper.ClientCnxn)
[2022-02-25 18:14:59,509] INFO Creating new log file: log.1 (org.apache.zookeeper.server.persistence.FileTxnLog)
[2022-02-25 18:14:59,553] INFO Session establishment complete on server localhost/0:0:0:0:0:0:0:1:2181, session id = 0x1000075f3870000, negotiated timeout = 18000 (org.apache.zookeeper.ClientCnxn)
[2022-02-25 18:14:59,558] INFO [ZooKeeperClient Kafka server] Connected. (kafka.zookeeper.ZooKeeperClient)
[2022-02-25 18:15:00,148] INFO [feature-zk-node-event-process-thread]: Starting (kafka.server.FinalizedFeatureChangeListener$ChangeNotificationProcessorThread)
[2022-02-25 18:15:00,232] INFO Feature ZK node at path: /feature does not exist (kafka.server.FinalizedFeatureChangeListener)
[2022-02-25 18:15:00,233] INFO Cleared cache (kafka.server.FinalizedFeatureCache)
[2022-02-25 18:15:00,535] INFO Cluster ID = jwgDXHWKS5O_FcLmqZK5fg (kafka.server.KafkaServer)
[2022-02-25 18:15:00,539] WARN No meta.properties file under dir /tmp/kafka-logs/meta.properties (kafka.server.BrokerMetadataCheckpoint)
[2022-02-25 18:15:00,586] INFO KafkaConfig values: 
	advertised.listeners = null
	alter.config.policy.class.name = null
	alter.log.dirs.replication.quota.window.num = 11
	alter.log.dirs.replication.quota.window.size.seconds = 1
	authorizer.class.name = 
	auto.create.topics.enable = true
	auto.leader.rebalance.enable = true
	background.threads = 10
	broker.heartbeat.interval.ms = 2000
	broker.id = 0
	broker.id.generation.enable = true
	broker.rack = null
	broker.session.timeout.ms = 9000
	client.quota.callback.class = null
	compression.type = producer
	connection.failed.authentication.delay.ms = 100
	connections.max.idle.ms = 600000
	connections.max.reauth.ms = 0
	control.plane.listener.name = null
	controlled.shutdown.enable = true
	controlled.shutdown.max.retries = 3
	controlled.shutdown.retry.backoff.ms = 5000
	controller.listener.names = null
	controller.quorum.append.linger.ms = 25
	controller.quorum.election.backoff.max.ms = 1000
	controller.quorum.election.timeout.ms = 1000
	controller.quorum.fetch.timeout.ms = 2000
	controller.quorum.request.timeout.ms = 2000
	controller.quorum.retry.backoff.ms = 20
	controller.quorum.voters = []
	controller.quota.window.num = 11
	controller.quota.window.size.seconds = 1
	controller.socket.timeout.ms = 30000
	create.topic.policy.class.name = null
	default.replication.factor = 1
	delegation.token.expiry.check.interval.ms = 3600000
	delegation.token.expiry.time.ms = 86400000
	delegation.token.master.key = null
	delegation.token.max.lifetime.ms = 604800000
	delegation.token.secret.key = null
	delete.records.purgatory.purge.interval.requests = 1
	delete.topic.enable = true
	fetch.max.bytes = 57671680
	fetch.purgatory.purge.interval.requests = 1000
	group.initial.rebalance.delay.ms = 0
	group.max.session.timeout.ms = 1800000
	group.max.size = 2147483647
	group.min.session.timeout.ms = 6000
	initial.broker.registration.timeout.ms = 60000
	inter.broker.listener.name = null
	inter.broker.protocol.version = 3.1-IV0
	kafka.metrics.polling.interval.secs = 10
	kafka.metrics.reporters = []
	leader.imbalance.check.interval.seconds = 300
	leader.imbalance.per.broker.percentage = 10
	listener.security.protocol.map = PLAINTEXT:PLAINTEXT,SSL:SSL,SASL_PLAINTEXT:SASL_PLAINTEXT,SASL_SSL:SASL_SSL
	listeners = PLAINTEXT://:9092
	log.cleaner.backoff.ms = 15000
	log.cleaner.dedupe.buffer.size = 134217728
	log.cleaner.delete.retention.ms = 86400000
	log.cleaner.enable = true
	log.cleaner.io.buffer.load.factor = 0.9
	log.cleaner.io.buffer.size = 524288
	log.cleaner.io.max.bytes.per.second = 1.7976931348623157E308
	log.cleaner.max.compaction.lag.ms = 9223372036854775807
	log.cleaner.min.cleanable.ratio = 0.5
	log.cleaner.min.compaction.lag.ms = 0
	log.cleaner.threads = 1
	log.cleanup.policy = [delete]
	log.dir = /tmp/kafka-logs
	log.dirs = /tmp/kafka-logs
	log.flush.interval.messages = 9223372036854775807
	log.flush.interval.ms = null
	log.flush.offset.checkpoint.interval.ms = 60000
	log.flush.scheduler.interval.ms = 9223372036854775807
	log.flush.start.offset.checkpoint.interval.ms = 60000
	log.index.interval.bytes = 4096
	log.index.size.max.bytes = 10485760
	log.message.downconversion.enable = true
	log.message.format.version = 3.0-IV1
	log.message.timestamp.difference.max.ms = 9223372036854775807
	log.message.timestamp.type = CreateTime
	log.preallocate = false
	log.retention.bytes = -1
	log.retention.check.interval.ms = 300000
	log.retention.hours = 168
	log.retention.minutes = null
	log.retention.ms = null
	log.roll.hours = 168
	log.roll.jitter.hours = 0
	log.roll.jitter.ms = null
	log.roll.ms = null
	log.segment.bytes = 1073741824
	log.segment.delete.delay.ms = 60000
	max.connection.creation.rate = 2147483647
	max.connections = 2147483647
	max.connections.per.ip = 2147483647
	max.connections.per.ip.overrides = 
	max.incremental.fetch.session.cache.slots = 1000
	message.max.bytes = 1048588
	metadata.log.dir = null
	metadata.log.max.record.bytes.between.snapshots = 20971520
	metadata.log.segment.bytes = 1073741824
	metadata.log.segment.min.bytes = 8388608
	metadata.log.segment.ms = 604800000
	metadata.max.retention.bytes = -1
	metadata.max.retention.ms = 604800000
	metric.reporters = []
	metrics.num.samples = 2
	metrics.recording.level = INFO
	metrics.sample.window.ms = 30000
	min.insync.replicas = 1
	node.id = 0
	num.io.threads = 8
	num.network.threads = 3
	num.partitions = 1
	num.recovery.threads.per.data.dir = 1
	num.replica.alter.log.dirs.threads = null
	num.replica.fetchers = 1
	offset.metadata.max.bytes = 4096
	offsets.commit.required.acks = -1
	offsets.commit.timeout.ms = 5000
	offsets.load.buffer.size = 5242880
	offsets.retention.check.interval.ms = 600000
	offsets.retention.minutes = 10080
	offsets.topic.compression.codec = 0
	offsets.topic.num.partitions = 50
	offsets.topic.replication.factor = 1
	offsets.topic.segment.bytes = 104857600
	password.encoder.cipher.algorithm = AES/CBC/PKCS5Padding
	password.encoder.iterations = 4096
	password.encoder.key.length = 128
	password.encoder.keyfactory.algorithm = null
	password.encoder.old.secret = null
	password.encoder.secret = null
	principal.builder.class = class org.apache.kafka.common.security.authenticator.DefaultKafkaPrincipalBuilder
	process.roles = []
	producer.purgatory.purge.interval.requests = 1000
	queued.max.request.bytes = -1
	queued.max.requests = 500
	quota.window.num = 11
	quota.window.size.seconds = 1
	remote.log.index.file.cache.total.size.bytes = 1073741824
	remote.log.manager.task.interval.ms = 30000
	remote.log.manager.task.retry.backoff.max.ms = 30000
	remote.log.manager.task.retry.backoff.ms = 500
	remote.log.manager.task.retry.jitter = 0.2
	remote.log.manager.thread.pool.size = 10
	remote.log.metadata.manager.class.name = null
	remote.log.metadata.manager.class.path = null
	remote.log.metadata.manager.impl.prefix = null
	remote.log.metadata.manager.listener.name = null
	remote.log.reader.max.pending.tasks = 100
	remote.log.reader.threads = 10
	remote.log.storage.manager.class.name = null
	remote.log.storage.manager.class.path = null
	remote.log.storage.manager.impl.prefix = null
	remote.log.storage.system.enable = false
	replica.fetch.backoff.ms = 1000
	replica.fetch.max.bytes = 1048576
	replica.fetch.min.bytes = 1
	replica.fetch.response.max.bytes = 10485760
	replica.fetch.wait.max.ms = 500
	replica.high.watermark.checkpoint.interval.ms = 5000
	replica.lag.time.max.ms = 30000
	replica.selector.class = null
	replica.socket.receive.buffer.bytes = 65536
	replica.socket.timeout.ms = 30000
	replication.quota.window.num = 11
	replication.quota.window.size.seconds = 1
	request.timeout.ms = 30000
	reserved.broker.max.id = 1000
	sasl.client.callback.handler.class = null
	sasl.enabled.mechanisms = [GSSAPI]
	sasl.jaas.config = null
	sasl.kerberos.kinit.cmd = /usr/bin/kinit
	sasl.kerberos.min.time.before.relogin = 60000
	sasl.kerberos.principal.to.local.rules = [DEFAULT]
	sasl.kerberos.service.name = null
	sasl.kerberos.ticket.renew.jitter = 0.05
	sasl.kerberos.ticket.renew.window.factor = 0.8
	sasl.login.callback.handler.class = null
	sasl.login.class = null
	sasl.login.connect.timeout.ms = null
	sasl.login.read.timeout.ms = null
	sasl.login.refresh.buffer.seconds = 300
	sasl.login.refresh.min.period.seconds = 60
	sasl.login.refresh.window.factor = 0.8
	sasl.login.refresh.window.jitter = 0.05
	sasl.login.retry.backoff.max.ms = 10000
	sasl.login.retry.backoff.ms = 100
	sasl.mechanism.controller.protocol = GSSAPI
	sasl.mechanism.inter.broker.protocol = GSSAPI
	sasl.oauthbearer.clock.skew.seconds = 30
	sasl.oauthbearer.expected.audience = null
	sasl.oauthbearer.expected.issuer = null
	sasl.oauthbearer.jwks.endpoint.refresh.ms = 3600000
	sasl.oauthbearer.jwks.endpoint.retry.backoff.max.ms = 10000
	sasl.oauthbearer.jwks.endpoint.retry.backoff.ms = 100
	sasl.oauthbearer.jwks.endpoint.url = null
	sasl.oauthbearer.scope.claim.name = scope
	sasl.oauthbearer.sub.claim.name = sub
	sasl.oauthbearer.token.endpoint.url = null
	sasl.server.callback.handler.class = null
	security.inter.broker.protocol = PLAINTEXT
	security.providers = null
	socket.connection.setup.timeout.max.ms = 30000
	socket.connection.setup.timeout.ms = 10000
	socket.receive.buffer.bytes = 102400
	socket.request.max.bytes = 104857600
	socket.send.buffer.bytes = 102400
	ssl.cipher.suites = []
	ssl.client.auth = none
	ssl.enabled.protocols = [TLSv1.2, TLSv1.3]
	ssl.endpoint.identification.algorithm = https
	ssl.engine.factory.class = null
	ssl.key.password = null
	ssl.keymanager.algorithm = SunX509
	ssl.keystore.certificate.chain = null
	ssl.keystore.key = null
	ssl.keystore.location = null
	ssl.keystore.password = null
	ssl.keystore.type = JKS
	ssl.principal.mapping.rules = DEFAULT
	ssl.protocol = TLSv1.3
	ssl.provider = null
	ssl.secure.random.implementation = null
	ssl.trustmanager.algorithm = PKIX
	ssl.truststore.certificates = null
	ssl.truststore.location = null
	ssl.truststore.password = null
	ssl.truststore.type = JKS
	transaction.abort.timed.out.transaction.cleanup.interval.ms = 10000
	transaction.max.timeout.ms = 900000
	transaction.remove.expired.transaction.cleanup.interval.ms = 3600000
	transaction.state.log.load.buffer.size = 5242880
	transaction.state.log.min.isr = 1
	transaction.state.log.num.partitions = 50
	transaction.state.log.replication.factor = 1
	transaction.state.log.segment.bytes = 104857600
	transactional.id.expiration.ms = 604800000
	unclean.leader.election.enable = false
	zookeeper.clientCnxnSocket = null
	zookeeper.connect = localhost:2181
	zookeeper.connection.timeout.ms = 18000
	zookeeper.max.in.flight.requests = 10
	zookeeper.session.timeout.ms = 18000
	zookeeper.set.acl = false
	zookeeper.ssl.cipher.suites = null
	zookeeper.ssl.client.enable = false
	zookeeper.ssl.crl.enable = false
	zookeeper.ssl.enabled.protocols = null
	zookeeper.ssl.endpoint.identification.algorithm = HTTPS
	zookeeper.ssl.keystore.location = null
	zookeeper.ssl.keystore.password = null
	zookeeper.ssl.keystore.type = null
	zookeeper.ssl.ocsp.enable = false
	zookeeper.ssl.protocol = TLSv1.2
	zookeeper.ssl.truststore.location = null
	zookeeper.ssl.truststore.password = null
	zookeeper.ssl.truststore.type = null
	zookeeper.sync.time.ms = 2000
 (kafka.server.KafkaConfig)
[2022-02-25 18:15:00,597] INFO KafkaConfig values: 
	advertised.listeners = null
	alter.config.policy.class.name = null
	alter.log.dirs.replication.quota.window.num = 11
	alter.log.dirs.replication.quota.window.size.seconds = 1
	authorizer.class.name = 
	auto.create.topics.enable = true
	auto.leader.rebalance.enable = true
	background.threads = 10
	broker.heartbeat.interval.ms = 2000
	broker.id = 0
	broker.id.generation.enable = true
	broker.rack = null
	broker.session.timeout.ms = 9000
	client.quota.callback.class = null
	compression.type = producer
	connection.failed.authentication.delay.ms = 100
	connections.max.idle.ms = 600000
	connections.max.reauth.ms = 0
	control.plane.listener.name = null
	controlled.shutdown.enable = true
	controlled.shutdown.max.retries = 3
	controlled.shutdown.retry.backoff.ms = 5000
	controller.listener.names = null
	controller.quorum.append.linger.ms = 25
	controller.quorum.election.backoff.max.ms = 1000
	controller.quorum.election.timeout.ms = 1000
	controller.quorum.fetch.timeout.ms = 2000
	controller.quorum.request.timeout.ms = 2000
	controller.quorum.retry.backoff.ms = 20
	controller.quorum.voters = []
	controller.quota.window.num = 11
	controller.quota.window.size.seconds = 1
	controller.socket.timeout.ms = 30000
	create.topic.policy.class.name = null
	default.replication.factor = 1
	delegation.token.expiry.check.interval.ms = 3600000
	delegation.token.expiry.time.ms = 86400000
	delegation.token.master.key = null
	delegation.token.max.lifetime.ms = 604800000
	delegation.token.secret.key = null
	delete.records.purgatory.purge.interval.requests = 1
	delete.topic.enable = true
	fetch.max.bytes = 57671680
	fetch.purgatory.purge.interval.requests = 1000
	group.initial.rebalance.delay.ms = 0
	group.max.session.timeout.ms = 1800000
	group.max.size = 2147483647
	group.min.session.timeout.ms = 6000
	initial.broker.registration.timeout.ms = 60000
	inter.broker.listener.name = null
	inter.broker.protocol.version = 3.1-IV0
	kafka.metrics.polling.interval.secs = 10
	kafka.metrics.reporters = []
	leader.imbalance.check.interval.seconds = 300
	leader.imbalance.per.broker.percentage = 10
	listener.security.protocol.map = PLAINTEXT:PLAINTEXT,SSL:SSL,SASL_PLAINTEXT:SASL_PLAINTEXT,SASL_SSL:SASL_SSL
	listeners = PLAINTEXT://:9092
	log.cleaner.backoff.ms = 15000
	log.cleaner.dedupe.buffer.size = 134217728
	log.cleaner.delete.retention.ms = 86400000
	log.cleaner.enable = true
	log.cleaner.io.buffer.load.factor = 0.9
	log.cleaner.io.buffer.size = 524288
	log.cleaner.io.max.bytes.per.second = 1.7976931348623157E308
	log.cleaner.max.compaction.lag.ms = 9223372036854775807
	log.cleaner.min.cleanable.ratio = 0.5
	log.cleaner.min.compaction.lag.ms = 0
	log.cleaner.threads = 1
	log.cleanup.policy = [delete]
	log.dir = /tmp/kafka-logs
	log.dirs = /tmp/kafka-logs
	log.flush.interval.messages = 9223372036854775807
	log.flush.interval.ms = null
	log.flush.offset.checkpoint.interval.ms = 60000
	log.flush.scheduler.interval.ms = 9223372036854775807
	log.flush.start.offset.checkpoint.interval.ms = 60000
	log.index.interval.bytes = 4096
	log.index.size.max.bytes = 10485760
	log.message.downconversion.enable = true
	log.message.format.version = 3.0-IV1
	log.message.timestamp.difference.max.ms = 9223372036854775807
	log.message.timestamp.type = CreateTime
	log.preallocate = false
	log.retention.bytes = -1
	log.retention.check.interval.ms = 300000
	log.retention.hours = 168
	log.retention.minutes = null
	log.retention.ms = null
	log.roll.hours = 168
	log.roll.jitter.hours = 0
	log.roll.jitter.ms = null
	log.roll.ms = null
	log.segment.bytes = 1073741824
	log.segment.delete.delay.ms = 60000
	max.connection.creation.rate = 2147483647
	max.connections = 2147483647
	max.connections.per.ip = 2147483647
	max.connections.per.ip.overrides = 
	max.incremental.fetch.session.cache.slots = 1000
	message.max.bytes = 1048588
	metadata.log.dir = null
	metadata.log.max.record.bytes.between.snapshots = 20971520
	metadata.log.segment.bytes = 1073741824
	metadata.log.segment.min.bytes = 8388608
	metadata.log.segment.ms = 604800000
	metadata.max.retention.bytes = -1
	metadata.max.retention.ms = 604800000
	metric.reporters = []
	metrics.num.samples = 2
	metrics.recording.level = INFO
	metrics.sample.window.ms = 30000
	min.insync.replicas = 1
	node.id = 0
	num.io.threads = 8
	num.network.threads = 3
	num.partitions = 1
	num.recovery.threads.per.data.dir = 1
	num.replica.alter.log.dirs.threads = null
	num.replica.fetchers = 1
	offset.metadata.max.bytes = 4096
	offsets.commit.required.acks = -1
	offsets.commit.timeout.ms = 5000
	offsets.load.buffer.size = 5242880
	offsets.retention.check.interval.ms = 600000
	offsets.retention.minutes = 10080
	offsets.topic.compression.codec = 0
	offsets.topic.num.partitions = 50
	offsets.topic.replication.factor = 1
	offsets.topic.segment.bytes = 104857600
	password.encoder.cipher.algorithm = AES/CBC/PKCS5Padding
	password.encoder.iterations = 4096
	password.encoder.key.length = 128
	password.encoder.keyfactory.algorithm = null
	password.encoder.old.secret = null
	password.encoder.secret = null
	principal.builder.class = class org.apache.kafka.common.security.authenticator.DefaultKafkaPrincipalBuilder
	process.roles = []
	producer.purgatory.purge.interval.requests = 1000
	queued.max.request.bytes = -1
	queued.max.requests = 500
	quota.window.num = 11
	quota.window.size.seconds = 1
	remote.log.index.file.cache.total.size.bytes = 1073741824
	remote.log.manager.task.interval.ms = 30000
	remote.log.manager.task.retry.backoff.max.ms = 30000
	remote.log.manager.task.retry.backoff.ms = 500
	remote.log.manager.task.retry.jitter = 0.2
	remote.log.manager.thread.pool.size = 10
	remote.log.metadata.manager.class.name = null
	remote.log.metadata.manager.class.path = null
	remote.log.metadata.manager.impl.prefix = null
	remote.log.metadata.manager.listener.name = null
	remote.log.reader.max.pending.tasks = 100
	remote.log.reader.threads = 10
	remote.log.storage.manager.class.name = null
	remote.log.storage.manager.class.path = null
	remote.log.storage.manager.impl.prefix = null
	remote.log.storage.system.enable = false
	replica.fetch.backoff.ms = 1000
	replica.fetch.max.bytes = 1048576
	replica.fetch.min.bytes = 1
	replica.fetch.response.max.bytes = 10485760
	replica.fetch.wait.max.ms = 500
	replica.high.watermark.checkpoint.interval.ms = 5000
	replica.lag.time.max.ms = 30000
	replica.selector.class = null
	replica.socket.receive.buffer.bytes = 65536
	replica.socket.timeout.ms = 30000
	replication.quota.window.num = 11
	replication.quota.window.size.seconds = 1
	request.timeout.ms = 30000
	reserved.broker.max.id = 1000
	sasl.client.callback.handler.class = null
	sasl.enabled.mechanisms = [GSSAPI]
	sasl.jaas.config = null
	sasl.kerberos.kinit.cmd = /usr/bin/kinit
	sasl.kerberos.min.time.before.relogin = 60000
	sasl.kerberos.principal.to.local.rules = [DEFAULT]
	sasl.kerberos.service.name = null
	sasl.kerberos.ticket.renew.jitter = 0.05
	sasl.kerberos.ticket.renew.window.factor = 0.8
	sasl.login.callback.handler.class = null
	sasl.login.class = null
	sasl.login.connect.timeout.ms = null
	sasl.login.read.timeout.ms = null
	sasl.login.refresh.buffer.seconds = 300
	sasl.login.refresh.min.period.seconds = 60
	sasl.login.refresh.window.factor = 0.8
	sasl.login.refresh.window.jitter = 0.05
	sasl.login.retry.backoff.max.ms = 10000
	sasl.login.retry.backoff.ms = 100
	sasl.mechanism.controller.protocol = GSSAPI
	sasl.mechanism.inter.broker.protocol = GSSAPI
	sasl.oauthbearer.clock.skew.seconds = 30
	sasl.oauthbearer.expected.audience = null
	sasl.oauthbearer.expected.issuer = null
	sasl.oauthbearer.jwks.endpoint.refresh.ms = 3600000
	sasl.oauthbearer.jwks.endpoint.retry.backoff.max.ms = 10000
	sasl.oauthbearer.jwks.endpoint.retry.backoff.ms = 100
	sasl.oauthbearer.jwks.endpoint.url = null
	sasl.oauthbearer.scope.claim.name = scope
	sasl.oauthbearer.sub.claim.name = sub
	sasl.oauthbearer.token.endpoint.url = null
	sasl.server.callback.handler.class = null
	security.inter.broker.protocol = PLAINTEXT
	security.providers = null
	socket.connection.setup.timeout.max.ms = 30000
	socket.connection.setup.timeout.ms = 10000
	socket.receive.buffer.bytes = 102400
	socket.request.max.bytes = 104857600
	socket.send.buffer.bytes = 102400
	ssl.cipher.suites = []
	ssl.client.auth = none
	ssl.enabled.protocols = [TLSv1.2, TLSv1.3]
	ssl.endpoint.identification.algorithm = https
	ssl.engine.factory.class = null
	ssl.key.password = null
	ssl.keymanager.algorithm = SunX509
	ssl.keystore.certificate.chain = null
	ssl.keystore.key = null
	ssl.keystore.location = null
	ssl.keystore.password = null
	ssl.keystore.type = JKS
	ssl.principal.mapping.rules = DEFAULT
	ssl.protocol = TLSv1.3
	ssl.provider = null
	ssl.secure.random.implementation = null
	ssl.trustmanager.algorithm = PKIX
	ssl.truststore.certificates = null
	ssl.truststore.location = null
	ssl.truststore.password = null
	ssl.truststore.type = JKS
	transaction.abort.timed.out.transaction.cleanup.interval.ms = 10000
	transaction.max.timeout.ms = 900000
	transaction.remove.expired.transaction.cleanup.interval.ms = 3600000
	transaction.state.log.load.buffer.size = 5242880
	transaction.state.log.min.isr = 1
	transaction.state.log.num.partitions = 50
	transaction.state.log.replication.factor = 1
	transaction.state.log.segment.bytes = 104857600
	transactional.id.expiration.ms = 604800000
	unclean.leader.election.enable = false
	zookeeper.clientCnxnSocket = null
	zookeeper.connect = localhost:2181
	zookeeper.connection.timeout.ms = 18000
	zookeeper.max.in.flight.requests = 10
	zookeeper.session.timeout.ms = 18000
	zookeeper.set.acl = false
	zookeeper.ssl.cipher.suites = null
	zookeeper.ssl.client.enable = false
	zookeeper.ssl.crl.enable = false
	zookeeper.ssl.enabled.protocols = null
	zookeeper.ssl.endpoint.identification.algorithm = HTTPS
	zookeeper.ssl.keystore.location = null
	zookeeper.ssl.keystore.password = null
	zookeeper.ssl.keystore.type = null
	zookeeper.ssl.ocsp.enable = false
	zookeeper.ssl.protocol = TLSv1.2
	zookeeper.ssl.truststore.location = null
	zookeeper.ssl.truststore.password = null
	zookeeper.ssl.truststore.type = null
	zookeeper.sync.time.ms = 2000
 (kafka.server.KafkaConfig)
[2022-02-25 18:15:00,636] INFO [ThrottledChannelReaper-Fetch]: Starting (kafka.server.ClientQuotaManager$ThrottledChannelReaper)
[2022-02-25 18:15:00,637] INFO [ThrottledChannelReaper-Produce]: Starting (kafka.server.ClientQuotaManager$ThrottledChannelReaper)
[2022-02-25 18:15:00,639] INFO [ThrottledChannelReaper-Request]: Starting (kafka.server.ClientQuotaManager$ThrottledChannelReaper)
[2022-02-25 18:15:00,640] INFO [ThrottledChannelReaper-ControllerMutation]: Starting (kafka.server.ClientQuotaManager$ThrottledChannelReaper)
[2022-02-25 18:15:00,674] INFO Log directory /tmp/kafka-logs not found, creating it. (kafka.log.LogManager)
[2022-02-25 18:15:00,721] INFO Loading logs from log dirs ArraySeq(/tmp/kafka-logs) (kafka.log.LogManager)
[2022-02-25 18:15:00,727] INFO Attempting recovery for all logs in /tmp/kafka-logs since no clean shutdown file was found (kafka.log.LogManager)
[2022-02-25 18:15:00,733] INFO Loaded 0 logs in 12ms. (kafka.log.LogManager)
[2022-02-25 18:15:00,734] INFO Starting log cleanup with a period of 300000 ms. (kafka.log.LogManager)
[2022-02-25 18:15:00,737] INFO Starting log flusher with a default period of 9223372036854775807 ms. (kafka.log.LogManager)
[2022-02-25 18:15:01,115] INFO [BrokerToControllerChannelManager broker=0 name=forwarding]: Starting (kafka.server.BrokerToControllerRequestThread)
[2022-02-25 18:15:01,315] INFO Updated connection-accept-rate max connection creation rate to 2147483647 (kafka.network.ConnectionQuotas)
[2022-02-25 18:15:01,319] INFO Awaiting socket connections on 0.0.0.0:9092. (kafka.network.Acceptor)
[2022-02-25 18:15:01,345] INFO [SocketServer listenerType=ZK_BROKER, nodeId=0] Created data-plane acceptor and processors for endpoint : ListenerName(PLAINTEXT) (kafka.network.SocketServer)
[2022-02-25 18:15:01,353] INFO [BrokerToControllerChannelManager broker=0 name=alterIsr]: Starting (kafka.server.BrokerToControllerRequestThread)
[2022-02-25 18:15:01,378] INFO [ExpirationReaper-0-Produce]: Starting (kafka.server.DelayedOperationPurgatory$ExpiredOperationReaper)
[2022-02-25 18:15:01,380] INFO [ExpirationReaper-0-Fetch]: Starting (kafka.server.DelayedOperationPurgatory$ExpiredOperationReaper)
[2022-02-25 18:15:01,385] INFO [ExpirationReaper-0-DeleteRecords]: Starting (kafka.server.DelayedOperationPurgatory$ExpiredOperationReaper)
[2022-02-25 18:15:01,386] INFO [ExpirationReaper-0-ElectLeader]: Starting (kafka.server.DelayedOperationPurgatory$ExpiredOperationReaper)
[2022-02-25 18:15:01,403] INFO [LogDirFailureHandler]: Starting (kafka.server.ReplicaManager$LogDirFailureHandler)
[2022-02-25 18:15:01,430] INFO Creating /brokers/ids/0 (is it secure? false) (kafka.zk.KafkaZkClient)
[2022-02-25 18:15:01,473] INFO Stat of the created znode at /brokers/ids/0 is: 25,25,1645787701445,1645787701445,1,0,0,72058100634812416,202,0,25
 (kafka.zk.KafkaZkClient)
[2022-02-25 18:15:01,473] INFO Registered broker 0 at path /brokers/ids/0 with addresses: PLAINTEXT://localhost:9092, czxid (broker epoch): 25 (kafka.zk.KafkaZkClient)
[2022-02-25 18:15:01,576] INFO [ExpirationReaper-0-topic]: Starting (kafka.server.DelayedOperationPurgatory$ExpiredOperationReaper)
[2022-02-25 18:15:01,584] INFO [ExpirationReaper-0-Heartbeat]: Starting (kafka.server.DelayedOperationPurgatory$ExpiredOperationReaper)
[2022-02-25 18:15:01,585] INFO [ExpirationReaper-0-Rebalance]: Starting (kafka.server.DelayedOperationPurgatory$ExpiredOperationReaper)
[2022-02-25 18:15:01,605] INFO [GroupCoordinator 0]: Starting up. (kafka.coordinator.group.GroupCoordinator)
[2022-02-25 18:15:01,616] INFO Successfully created /controller_epoch with initial epoch 0 (kafka.zk.KafkaZkClient)
[2022-02-25 18:15:01,620] INFO [GroupCoordinator 0]: Startup complete. (kafka.coordinator.group.GroupCoordinator)
[2022-02-25 18:15:01,645] INFO [TransactionCoordinator id=0] Starting up. (kafka.coordinator.transaction.TransactionCoordinator)
[2022-02-25 18:15:01,665] INFO [Transaction Marker Channel Manager 0]: Starting (kafka.coordinator.transaction.TransactionMarkerChannelManager)
[2022-02-25 18:15:01,665] INFO [TransactionCoordinator id=0] Startup complete. (kafka.coordinator.transaction.TransactionCoordinator)
[2022-02-25 18:15:01,690] INFO Feature ZK node created at path: /feature (kafka.server.FinalizedFeatureChangeListener)
[2022-02-25 18:15:01,715] INFO [ExpirationReaper-0-AlterAcls]: Starting (kafka.server.DelayedOperationPurgatory$ExpiredOperationReaper)
[2022-02-25 18:15:01,729] INFO Updated cache from existing <empty> to latest FinalizedFeaturesAndEpoch(features=Features{}, epoch=0). (kafka.server.FinalizedFeatureCache)
[2022-02-25 18:15:01,737] INFO [/config/changes-event-process-thread]: Starting (kafka.common.ZkNodeChangeNotificationListener$ChangeEventProcessThread)
[2022-02-25 18:15:01,750] INFO [SocketServer listenerType=ZK_BROKER, nodeId=0] Starting socket server acceptors and processors (kafka.network.SocketServer)
[2022-02-25 18:15:01,755] INFO [SocketServer listenerType=ZK_BROKER, nodeId=0] Started data-plane acceptor and processor(s) for endpoint : ListenerName(PLAINTEXT) (kafka.network.SocketServer)
[2022-02-25 18:15:01,755] INFO [SocketServer listenerType=ZK_BROKER, nodeId=0] Started socket server acceptors and processors (kafka.network.SocketServer)
[2022-02-25 18:15:01,761] INFO Kafka version: 3.1.0 (org.apache.kafka.common.utils.AppInfoParser)
[2022-02-25 18:15:01,761] INFO Kafka commitId: 37edeed0777bacb3 (org.apache.kafka.common.utils.AppInfoParser)
[2022-02-25 18:15:01,761] INFO Kafka startTimeMs: 1645787701756 (org.apache.kafka.common.utils.AppInfoParser)
[2022-02-25 18:15:01,763] INFO [KafkaServer id=0] started (kafka.server.KafkaServer)
[2022-02-25 18:15:01,931] INFO [BrokerToControllerChannelManager broker=0 name=forwarding]: Recorded new controller, from now on will use broker localhost:9092 (id: 0 rack: null) (kafka.server.BrokerToControllerRequestThread)
[2022-02-25 18:15:01,960] INFO [BrokerToControllerChannelManager broker=0 name=alterIsr]: Recorded new controller, from now on will use broker localhost:9092 (id: 0 rack: null) (kafka.server.BrokerToControllerRequestThread)
